# JRE version: OpenJDK Runtime Environment (8.0_121-b13) (build 1.8.0_121-8u121-b13-0ubuntu1.16.04.2-b13)
# Java VM: OpenJDK 64-Bit Server VM (25.121-b13 mixed mode linux-amd64 compressed oops)
Heap:
 PSYoungGen      total 80384K, used 64K [0x00000000f5a00000, 0x00000000fb300000, 0x0000000100000000)
  eden space 69632K, 0% used [0x00000000f5a00000,0x00000000f5a00000,0x00000000f9e00000)
  from space 10752K, 0% used [0x00000000f9e00000,0x00000000f9e10000,0x00000000fa880000)
  to   space 10240K, 0% used [0x00000000fa900000,0x00000000fa900000,0x00000000fb300000)
 ParOldGen       total 22016K, used 14824K [0x00000000e0e00000, 0x00000000e2380000, 0x00000000f5a00000)
  object space 22016K, 67% used [0x00000000e0e00000,0x00000000e1c7a060,0x00000000e2380000)
 Metaspace       used 3611K, capacity 4606K, committed 4864K, reserved 1056768K
  class space    used 398K, capacity 430K, committed 512K, reserved 1048576K
GC Heap History (10 events):
Event: 8.609 GC heap after
Heap after GC invocations=2 (full 0):
 PSYoungGen      total 18432K, used 1008K [0x00000000f5a00000, 0x00000000f6d00000, 0x0000000100000000)
  eden space 17408K, 0% used [0x00000000f5a00000,0x00000000f5a00000,0x00000000f6b00000)
  from space 1024K, 98% used [0x00000000f6c00000,0x00000000f6cfc010,0x00000000f6d00000)
  to   space 1024K, 0% used [0x00000000f6b00000,0x00000000f6b00000,0x00000000f6c00000)
 ParOldGen       total 22016K, used 13800K [0x00000000e0e00000, 0x00000000e2380000, 0x00000000f5a00000)
  object space 22016K, 62% used [0x00000000e0e00000,0x00000000e1b7a040,0x00000000e2380000)
 Metaspace       used 3552K, capacity 4606K, committed 4864K, reserved 1056768K
  class space    used 398K, capacity 430K, committed 512K, reserved 1048576K
}
Event: 9.924 GC heap before
{Heap before GC invocations=3 (full 0):
 PSYoungGen      total 18432K, used 18416K [0x00000000f5a00000, 0x00000000f6d00000, 0x0000000100000000)
  eden space 17408K, 100% used [0x00000000f5a00000,0x00000000f6b00000,0x00000000f6b00000)
  from space 1024K, 98% used [0x00000000f6c00000,0x00000000f6cfc010,0x00000000f6d00000)
  to   space 1024K, 0% used [0x00000000f6b00000,0x00000000f6b00000,0x00000000f6c00000)
 ParOldGen       total 22016K, used 13800K [0x00000000e0e00000, 0x00000000e2380000, 0x00000000f5a00000)
  object space 22016K, 62% used [0x00000000e0e00000,0x00000000e1b7a040,0x00000000e2380000)
 Metaspace       used 3581K, capacity 4606K, committed 4864K, reserved 1056768K
  class space    used 398K, capacity 430K, committed 512K, reserved 1048576K
Event: 10.009 GC heap after
Heap after GC invocations=3 (full 0):
 PSYoungGen      total 18432K, used 1024K [0x00000000f5a00000, 0x00000000f7e00000, 0x0000000100000000)
  eden space 17408K, 0% used [0x00000000f5a00000,0x00000000f5a00000,0x00000000f6b00000)
  from space 1024K, 100% used [0x00000000f6b00000,0x00000000f6c00000,0x00000000f6c00000)
  to   space 1024K, 0% used [0x00000000f7d00000,0x00000000f7d00000,0x00000000f7e00000)
 ParOldGen       total 22016K, used 13800K [0x00000000e0e00000, 0x00000000e2380000, 0x00000000f5a00000)
  object space 22016K, 62% used [0x00000000e0e00000,0x00000000e1b7a040,0x00000000e2380000)
 Metaspace       used 3581K, capacity 4606K, committed 4864K, reserved 1056768K
  class space    used 398K, capacity 430K, committed 512K, reserved 1048576K
}
Event: 10.430 GC heap before
{Heap before GC invocations=4 (full 0):
 PSYoungGen      total 18432K, used 18432K [0x00000000f5a00000, 0x00000000f7e00000, 0x0000000100000000)
  eden space 17408K, 100% used [0x00000000f5a00000,0x00000000f6b00000,0x00000000f6b00000)
  from space 1024K, 100% used [0x00000000f6b00000,0x00000000f6c00000,0x00000000f6c00000)
  to   space 1024K, 0% used [0x00000000f7d00000,0x00000000f7d00000,0x00000000f7e00000)
 ParOldGen       total 22016K, used 13800K [0x00000000e0e00000, 0x00000000e2380000, 0x00000000f5a00000)
  object space 22016K, 62% used [0x00000000e0e00000,0x00000000e1b7a040,0x00000000e2380000)
 Metaspace       used 3582K, capacity 4606K, committed 4864K, reserved 1056768K
  class space    used 398K, capacity 430K, committed 512K, reserved 1048576K
Event: 10.554 GC heap after
Heap after GC invocations=4 (full 0):
 PSYoungGen      total 35840K, used 1008K [0x00000000f5a00000, 0x00000000f7e00000, 0x0000000100000000)
  eden space 34816K, 0% used [0x00000000f5a00000,0x00000000f5a00000,0x00000000f7c00000)
  from space 1024K, 98% used [0x00000000f7d00000,0x00000000f7dfc010,0x00000000f7e00000)
  to   space 1024K, 0% used [0x00000000f7c00000,0x00000000f7c00000,0x00000000f7d00000)
 ParOldGen       total 22016K, used 13840K [0x00000000e0e00000, 0x00000000e2380000, 0x00000000f5a00000)
  object space 22016K, 62% used [0x00000000e0e00000,0x00000000e1b84040,0x00000000e2380000)
 Metaspace       used 3582K, capacity 4606K, committed 4864K, reserved 1056768K
  class space    used 398K, capacity 430K, committed 512K, reserved 1048576K
}
Event: 11.860 GC heap before
{Heap before GC invocations=5 (full 0):
 PSYoungGen      total 35840K, used 35824K [0x00000000f5a00000, 0x00000000f7e00000, 0x0000000100000000)
  eden space 34816K, 100% used [0x00000000f5a00000,0x00000000f7c00000,0x00000000f7c00000)
  from space 1024K, 98% used [0x00000000f7d00000,0x00000000f7dfc010,0x00000000f7e00000)
  to   space 1024K, 0% used [0x00000000f7c00000,0x00000000f7c00000,0x00000000f7d00000)
 ParOldGen       total 22016K, used 13840K [0x00000000e0e00000, 0x00000000e2380000, 0x00000000f5a00000)
  object space 22016K, 62% used [0x00000000e0e00000,0x00000000e1b84040,0x00000000e2380000)
 Metaspace       used 3608K, capacity 4606K, committed 4864K, reserved 1056768K
  class space    used 398K, capacity 430K, committed 512K, reserved 1048576K
Event: 11.905 GC heap after
Heap after GC invocations=5 (full 0):
 PSYoungGen      total 35840K, used 1008K [0x00000000f5a00000, 0x00000000fb400000, 0x0000000100000000)
  eden space 34816K, 0% used [0x00000000f5a00000,0x00000000f5a00000,0x00000000f7c00000)
  from space 1024K, 98% used [0x00000000f7c00000,0x00000000f7cfc010,0x00000000f7d00000)
  to   space 11264K, 0% used [0x00000000fa900000,0x00000000fa900000,0x00000000fb400000)
 ParOldGen       total 22016K, used 13840K [0x00000000e0e00000, 0x00000000e2380000, 0x00000000f5a00000)
  object space 22016K, 62% used [0x00000000e0e00000,0x00000000e1b84040,0x00000000e2380000)
 Metaspace       used 3608K, capacity 4606K, committed 4864K, reserved 1056768K
  class space    used 398K, capacity 430K, committed 512K, reserved 1048576K
}
Event: 12.766 GC heap before
{Heap before GC invocations=6 (full 0):
 PSYoungGen      total 35840K, used 35824K [0x00000000f5a00000, 0x00000000fb400000, 0x0000000100000000)
  eden space 34816K, 100% used [0x00000000f5a00000,0x00000000f7c00000,0x00000000f7c00000)
  from space 1024K, 98% used [0x00000000f7c00000,0x00000000f7cfc010,0x00000000f7d00000)
  to   space 11264K, 0% used [0x00000000fa900000,0x00000000fa900000,0x00000000fb400000)
 ParOldGen       total 22016K, used 13840K [0x00000000e0e00000, 0x00000000e2380000, 0x00000000f5a00000)
  object space 22016K, 62% used [0x00000000e0e00000,0x00000000e1b84040,0x00000000e2380000)
 Metaspace       used 3608K, capacity 4606K, committed 4864K, reserved 1056768K
  class space    used 398K, capacity 430K, committed 512K, reserved 1048576K
Event: 12.835 GC heap after
Heap after GC invocations=6 (full 0):
 PSYoungGen      total 79872K, used 1008K [0x00000000f5a00000, 0x00000000fb300000, 0x0000000100000000)
  eden space 69632K, 0% used [0x00000000f5a00000,0x00000000f5a00000,0x00000000f9e00000)
  from space 10240K, 9% used [0x00000000fa900000,0x00000000fa9fc010,0x00000000fb300000)
  to   space 10752K, 0% used [0x00000000f9e00000,0x00000000f9e00000,0x00000000fa880000)
 ParOldGen       total 22016K, used 13840K [0x00000000e0e00000, 0x00000000e2380000, 0x00000000f5a00000)
  object space 22016K, 62% used [0x00000000e0e00000,0x00000000e1b84040,0x00000000e2380000)
 Metaspace       used 3608K, capacity 4606K, committed 4864K, reserved 1056768K
  class space    used 398K, capacity 430K, committed 512K, reserved 1048576K
}
Event: 16.642 GC heap before
{Heap before GC invocations=7 (full 0):
 PSYoungGen      total 79872K, used 70640K [0x00000000f5a00000, 0x00000000fb300000, 0x0000000100000000)
  eden space 69632K, 100% used [0x00000000f5a00000,0x00000000f9e00000,0x00000000f9e00000)
  from space 10240K, 9% used [0x00000000fa900000,0x00000000fa9fc010,0x00000000fb300000)
  to   space 10752K, 0% used [0x00000000f9e00000,0x00000000f9e00000,0x00000000fa880000)
 ParOldGen       total 22016K, used 13840K [0x00000000e0e00000, 0x00000000e2380000, 0x00000000f5a00000)
  object space 22016K, 62% used [0x00000000e0e00000,0x00000000e1b84040,0x00000000e2380000)
 Metaspace       used 3611K, capacity 4606K, committed 4864K, reserved 1056768K
  class space    used 398K, capacity 430K, committed 512K, reserved 1048576K

