# JRE version: OpenJDK Runtime Environment (8.0_121-b13) (build 1.8.0_121-8u121-b13-0ubuntu1.16.04.2-b13)
# Java VM: OpenJDK 64-Bit Server VM (25.121-b13 mixed mode linux-amd64 compressed oops)
Heap:
 PSYoungGen      total 158720K, used 96K [0x00000000f5a00000, 0x00000000ff600000, 0x0000000100000000)
  eden space 158208K, 0% used [0x00000000f5a00000,0x00000000f5a00000,0x00000000ff480000)
  from space 512K, 18% used [0x00000000ff500000,0x00000000ff518000,0x00000000ff580000)
  to   space 512K, 0% used [0x00000000ff580000,0x00000000ff580000,0x00000000ff600000)
 ParOldGen       total 42496K, used 17589K [0x00000000e0e00000, 0x00000000e3780000, 0x00000000f5a00000)
  object space 42496K, 41% used [0x00000000e0e00000,0x00000000e1f2d6e0,0x00000000e3780000)
 Metaspace       used 4018K, capacity 4704K, committed 4864K, reserved 1056768K
  class space    used 415K, capacity 464K, committed 512K, reserved 1048576K
GC Heap History (10 events):
Event: 30618.516 GC heap after
Heap after GC invocations=5818 (full 2):
 PSYoungGen      total 147968K, used 96K [0x00000000f5a00000, 0x00000000fec00000, 0x0000000100000000)
  eden space 147456K, 0% used [0x00000000f5a00000,0x00000000f5a00000,0x00000000fea00000)
  from space 512K, 18% used [0x00000000feb80000,0x00000000feb98000,0x00000000fec00000)
  to   space 512K, 0% used [0x00000000feb00000,0x00000000feb00000,0x00000000feb80000)
 ParOldGen       total 42496K, used 17589K [0x00000000e0e00000, 0x00000000e3780000, 0x00000000f5a00000)
  object space 42496K, 41% used [0x00000000e0e00000,0x00000000e1f2d6e0,0x00000000e3780000)
 Metaspace       used 4018K, capacity 4704K, committed 4864K, reserved 1056768K
  class space    used 415K, capacity 464K, committed 512K, reserved 1048576K
}
Event: 30677.680 GC heap before
{Heap before GC invocations=5819 (full 2):
 PSYoungGen      total 147968K, used 147552K [0x00000000f5a00000, 0x00000000fec00000, 0x0000000100000000)
  eden space 147456K, 100% used [0x00000000f5a00000,0x00000000fea00000,0x00000000fea00000)
  from space 512K, 18% used [0x00000000feb80000,0x00000000feb98000,0x00000000fec00000)
  to   space 512K, 0% used [0x00000000feb00000,0x00000000feb00000,0x00000000feb80000)
 ParOldGen       total 42496K, used 17589K [0x00000000e0e00000, 0x00000000e3780000, 0x00000000f5a00000)
  object space 42496K, 41% used [0x00000000e0e00000,0x00000000e1f2d6e0,0x00000000e3780000)
 Metaspace       used 4018K, capacity 4704K, committed 4864K, reserved 1056768K
  class space    used 415K, capacity 464K, committed 512K, reserved 1048576K
Event: 30678.592 GC heap after
Heap after GC invocations=5819 (full 2):
 PSYoungGen      total 148992K, used 96K [0x00000000f5a00000, 0x00000000fef80000, 0x0000000100000000)
  eden space 148480K, 0% used [0x00000000f5a00000,0x00000000f5a00000,0x00000000feb00000)
  from space 512K, 18% used [0x00000000feb00000,0x00000000feb18000,0x00000000feb80000)
  to   space 512K, 0% used [0x00000000fef00000,0x00000000fef00000,0x00000000fef80000)
 ParOldGen       total 42496K, used 17589K [0x00000000e0e00000, 0x00000000e3780000, 0x00000000f5a00000)
  object space 42496K, 41% used [0x00000000e0e00000,0x00000000e1f2d6e0,0x00000000e3780000)
 Metaspace       used 4018K, capacity 4704K, committed 4864K, reserved 1056768K
  class space    used 415K, capacity 464K, committed 512K, reserved 1048576K
}
Event: 30740.628 GC heap before
{Heap before GC invocations=5820 (full 2):
 PSYoungGen      total 148992K, used 148576K [0x00000000f5a00000, 0x00000000fef80000, 0x0000000100000000)
  eden space 148480K, 100% used [0x00000000f5a00000,0x00000000feb00000,0x00000000feb00000)
  from space 512K, 18% used [0x00000000feb00000,0x00000000feb18000,0x00000000feb80000)
  to   space 512K, 0% used [0x00000000fef00000,0x00000000fef00000,0x00000000fef80000)
 ParOldGen       total 42496K, used 17589K [0x00000000e0e00000, 0x00000000e3780000, 0x00000000f5a00000)
  object space 42496K, 41% used [0x00000000e0e00000,0x00000000e1f2d6e0,0x00000000e3780000)
 Metaspace       used 4018K, capacity 4704K, committed 4864K, reserved 1056768K
  class space    used 415K, capacity 464K, committed 512K, reserved 1048576K
Event: 30742.524 GC heap after
Heap after GC invocations=5820 (full 2):
 PSYoungGen      total 152576K, used 96K [0x00000000f5a00000, 0x00000000ff380000, 0x0000000100000000)
  eden space 152064K, 0% used [0x00000000f5a00000,0x00000000f5a00000,0x00000000fee80000)
  from space 512K, 18% used [0x00000000fef00000,0x00000000fef18000,0x00000000fef80000)
  to   space 512K, 0% used [0x00000000fee80000,0x00000000fee80000,0x00000000fef00000)
 ParOldGen       total 42496K, used 17589K [0x00000000e0e00000, 0x00000000e3780000, 0x00000000f5a00000)
  object space 42496K, 41% used [0x00000000e0e00000,0x00000000e1f2d6e0,0x00000000e3780000)
 Metaspace       used 4018K, capacity 4704K, committed 4864K, reserved 1056768K
  class space    used 415K, capacity 464K, committed 512K, reserved 1048576K
}
Event: 30805.824 GC heap before
{Heap before GC invocations=5821 (full 2):
 PSYoungGen      total 152576K, used 152160K [0x00000000f5a00000, 0x00000000ff380000, 0x0000000100000000)
  eden space 152064K, 100% used [0x00000000f5a00000,0x00000000fee80000,0x00000000fee80000)
  from space 512K, 18% used [0x00000000fef00000,0x00000000fef18000,0x00000000fef80000)
  to   space 512K, 0% used [0x00000000fee80000,0x00000000fee80000,0x00000000fef00000)
 ParOldGen       total 42496K, used 17589K [0x00000000e0e00000, 0x00000000e3780000, 0x00000000f5a00000)
  object space 42496K, 41% used [0x00000000e0e00000,0x00000000e1f2d6e0,0x00000000e3780000)
 Metaspace       used 4018K, capacity 4704K, committed 4864K, reserved 1056768K
  class space    used 415K, capacity 464K, committed 512K, reserved 1048576K
Event: 30805.944 GC heap after
Heap after GC invocations=5821 (full 2):
 PSYoungGen      total 152576K, used 128K [0x00000000f5a00000, 0x00000000ff600000, 0x0000000100000000)
  eden space 152064K, 0% used [0x00000000f5a00000,0x00000000f5a00000,0x00000000fee80000)
  from space 512K, 25% used [0x00000000fee80000,0x00000000feea0000,0x00000000fef00000)
  to   space 512K, 0% used [0x00000000ff580000,0x00000000ff580000,0x00000000ff600000)
 ParOldGen       total 42496K, used 17589K [0x00000000e0e00000, 0x00000000e3780000, 0x00000000f5a00000)
  object space 42496K, 41% used [0x00000000e0e00000,0x00000000e1f2d6e0,0x00000000e3780000)
 Metaspace       used 4018K, capacity 4704K, committed 4864K, reserved 1056768K
  class space    used 415K, capacity 464K, committed 512K, reserved 1048576K
}
Event: 30876.176 GC heap before
{Heap before GC invocations=5822 (full 2):
 PSYoungGen      total 152576K, used 152192K [0x00000000f5a00000, 0x00000000ff600000, 0x0000000100000000)
  eden space 152064K, 100% used [0x00000000f5a00000,0x00000000fee80000,0x00000000fee80000)
  from space 512K, 25% used [0x00000000fee80000,0x00000000feea0000,0x00000000fef00000)
  to   space 512K, 0% used [0x00000000ff580000,0x00000000ff580000,0x00000000ff600000)
 ParOldGen       total 42496K, used 17589K [0x00000000e0e00000, 0x00000000e3780000, 0x00000000f5a00000)
  object space 42496K, 41% used [0x00000000e0e00000,0x00000000e1f2d6e0,0x00000000e3780000)
 Metaspace       used 4018K, capacity 4704K, committed 4864K, reserved 1056768K
  class space    used 415K, capacity 464K, committed 512K, reserved 1048576K
Event: 30876.707 GC heap after
Heap after GC invocations=5822 (full 2):
 PSYoungGen      total 158720K, used 96K [0x00000000f5a00000, 0x00000000ff600000, 0x0000000100000000)
  eden space 158208K, 0% used [0x00000000f5a00000,0x00000000f5a00000,0x00000000ff480000)
  from space 512K, 18% used [0x00000000ff580000,0x00000000ff598000,0x00000000ff600000)
  to   space 512K, 0% used [0x00000000ff500000,0x00000000ff500000,0x00000000ff580000)
 ParOldGen       total 42496K, used 17589K [0x00000000e0e00000, 0x00000000e3780000, 0x00000000f5a00000)
  object space 42496K, 41% used [0x00000000e0e00000,0x00000000e1f2d6e0,0x00000000e3780000)
 Metaspace       used 4018K, capacity 4704K, committed 4864K, reserved 1056768K
  class space    used 415K, capacity 464K, committed 512K, reserved 1048576K
}
Event: 30956.082 GC heap before
{Heap before GC invocations=5823 (full 2):
 PSYoungGen      total 158720K, used 158304K [0x00000000f5a00000, 0x00000000ff600000, 0x0000000100000000)
  eden space 158208K, 100% used [0x00000000f5a00000,0x00000000ff480000,0x00000000ff480000)
  from space 512K, 18% used [0x00000000ff580000,0x00000000ff598000,0x00000000ff600000)
  to   space 512K, 0% used [0x00000000ff500000,0x00000000ff500000,0x00000000ff580000)
 ParOldGen       total 42496K, used 17589K [0x00000000e0e00000, 0x00000000e3780000, 0x00000000f5a00000)
  object space 42496K, 41% used [0x00000000e0e00000,0x00000000e1f2d6e0,0x00000000e3780000)
 Metaspace       used 4018K, capacity 4704K, committed 4864K, reserved 1056768K
  class space    used 415K, capacity 464K, committed 512K, reserved 1048576K

