# JRE version: OpenJDK Runtime Environment (8.0_121-b13) (build 1.8.0_121-8u121-b13-0ubuntu1.16.04.2-b13)
# Java VM: OpenJDK 64-Bit Server VM (25.121-b13 mixed mode linux-amd64 compressed oops)
Heap:
 PSYoungGen      total 101888K, used 64K [0x00000000f5a00000, 0x00000000fc580000, 0x0000000100000000)
  eden space 93696K, 0% used [0x00000000f5a00000,0x00000000f5a00000,0x00000000fb580000)
  from space 8192K, 0% used [0x00000000fb580000,0x00000000fb590000,0x00000000fbd80000)
  to   space 6144K, 0% used [0x00000000fbf80000,0x00000000fbf80000,0x00000000fc580000)
 ParOldGen       total 36864K, used 14398K [0x00000000e0e00000, 0x00000000e3200000, 0x00000000f5a00000)
  object space 36864K, 39% used [0x00000000e0e00000,0x00000000e1c0faa0,0x00000000e3200000)
 Metaspace       used 3636K, capacity 4606K, committed 4864K, reserved 1056768K
  class space    used 398K, capacity 430K, committed 512K, reserved 1048576K
GC Heap History (10 events):
Event: 17.756 GC heap after
Heap after GC invocations=9 (full 1):
 PSYoungGen      total 71680K, used 64K [0x00000000f5a00000, 0x00000000fab80000, 0x0000000100000000)
  eden space 62976K, 0% used [0x00000000f5a00000,0x00000000f5a00000,0x00000000f9780000)
  from space 8704K, 0% used [0x00000000fa300000,0x00000000fa310000,0x00000000fab80000)
  to   space 10240K, 0% used [0x00000000f9780000,0x00000000f9780000,0x00000000fa180000)
 ParOldGen       total 36864K, used 14382K [0x00000000e0e00000, 0x00000000e3200000, 0x00000000f5a00000)
  object space 36864K, 39% used [0x00000000e0e00000,0x00000000e1c0baa0,0x00000000e3200000)
 Metaspace       used 3607K, capacity 4606K, committed 4864K, reserved 1056768K
  class space    used 398K, capacity 430K, committed 512K, reserved 1048576K
}
Event: 21.218 GC heap before
{Heap before GC invocations=10 (full 1):
 PSYoungGen      total 71680K, used 63040K [0x00000000f5a00000, 0x00000000fab80000, 0x0000000100000000)
  eden space 62976K, 100% used [0x00000000f5a00000,0x00000000f9780000,0x00000000f9780000)
  from space 8704K, 0% used [0x00000000fa300000,0x00000000fa310000,0x00000000fab80000)
  to   space 10240K, 0% used [0x00000000f9780000,0x00000000f9780000,0x00000000fa180000)
 ParOldGen       total 36864K, used 14382K [0x00000000e0e00000, 0x00000000e3200000, 0x00000000f5a00000)
  object space 36864K, 39% used [0x00000000e0e00000,0x00000000e1c0baa0,0x00000000e3200000)
 Metaspace       used 3617K, capacity 4606K, committed 4864K, reserved 1056768K
  class space    used 398K, capacity 430K, committed 512K, reserved 1048576K
Event: 21.237 GC heap after
Heap after GC invocations=10 (full 1):
 PSYoungGen      total 73216K, used 64K [0x00000000f5a00000, 0x00000000fb900000, 0x0000000100000000)
  eden space 62976K, 0% used [0x00000000f5a00000,0x00000000f5a00000,0x00000000f9780000)
  from space 10240K, 0% used [0x00000000f9780000,0x00000000f9790000,0x00000000fa180000)
  to   space 9728K, 0% used [0x00000000faf80000,0x00000000faf80000,0x00000000fb900000)
 ParOldGen       total 36864K, used 14382K [0x00000000e0e00000, 0x00000000e3200000, 0x00000000f5a00000)
  object space 36864K, 39% used [0x00000000e0e00000,0x00000000e1c0baa0,0x00000000e3200000)
 Metaspace       used 3617K, capacity 4606K, committed 4864K, reserved 1056768K
  class space    used 398K, capacity 430K, committed 512K, reserved 1048576K
}
Event: 22.773 GC heap before
{Heap before GC invocations=11 (full 1):
 PSYoungGen      total 73216K, used 63040K [0x00000000f5a00000, 0x00000000fb900000, 0x0000000100000000)
  eden space 62976K, 100% used [0x00000000f5a00000,0x00000000f9780000,0x00000000f9780000)
  from space 10240K, 0% used [0x00000000f9780000,0x00000000f9790000,0x00000000fa180000)
  to   space 9728K, 0% used [0x00000000faf80000,0x00000000faf80000,0x00000000fb900000)
 ParOldGen       total 36864K, used 14382K [0x00000000e0e00000, 0x00000000e3200000, 0x00000000f5a00000)
  object space 36864K, 39% used [0x00000000e0e00000,0x00000000e1c0baa0,0x00000000e3200000)
 Metaspace       used 3635K, capacity 4606K, committed 4864K, reserved 1056768K
  class space    used 398K, capacity 430K, committed 512K, reserved 1048576K
Event: 22.846 GC heap after
Heap after GC invocations=11 (full 1):
 PSYoungGen      total 88064K, used 64K [0x00000000f5a00000, 0x00000000fb900000, 0x0000000100000000)
  eden space 78336K, 0% used [0x00000000f5a00000,0x00000000f5a00000,0x00000000fa680000)
  from space 9728K, 0% used [0x00000000faf80000,0x00000000faf90000,0x00000000fb900000)
  to   space 9216K, 0% used [0x00000000fa680000,0x00000000fa680000,0x00000000faf80000)
 ParOldGen       total 36864K, used 14382K [0x00000000e0e00000, 0x00000000e3200000, 0x00000000f5a00000)
  object space 36864K, 39% used [0x00000000e0e00000,0x00000000e1c0baa0,0x00000000e3200000)
 Metaspace       used 3635K, capacity 4606K, committed 4864K, reserved 1056768K
  class space    used 398K, capacity 430K, committed 512K, reserved 1048576K
}
Event: 27.025 GC heap before
{Heap before GC invocations=12 (full 1):
 PSYoungGen      total 88064K, used 78400K [0x00000000f5a00000, 0x00000000fb900000, 0x0000000100000000)
  eden space 78336K, 100% used [0x00000000f5a00000,0x00000000fa680000,0x00000000fa680000)
  from space 9728K, 0% used [0x00000000faf80000,0x00000000faf90000,0x00000000fb900000)
  to   space 9216K, 0% used [0x00000000fa680000,0x00000000fa680000,0x00000000faf80000)
 ParOldGen       total 36864K, used 14382K [0x00000000e0e00000, 0x00000000e3200000, 0x00000000f5a00000)
  object space 36864K, 39% used [0x00000000e0e00000,0x00000000e1c0baa0,0x00000000e3200000)
 Metaspace       used 3635K, capacity 4606K, committed 4864K, reserved 1056768K
  class space    used 398K, capacity 430K, committed 512K, reserved 1048576K
Event: 27.044 GC heap after
Heap after GC invocations=12 (full 1):
 PSYoungGen      total 87552K, used 32K [0x00000000f5a00000, 0x00000000fc800000, 0x0000000100000000)
  eden space 78336K, 0% used [0x00000000f5a00000,0x00000000f5a00000,0x00000000fa680000)
  from space 9216K, 0% used [0x00000000fa680000,0x00000000fa688000,0x00000000faf80000)
  to   space 8704K, 0% used [0x00000000fbf80000,0x00000000fbf80000,0x00000000fc800000)
 ParOldGen       total 36864K, used 14390K [0x00000000e0e00000, 0x00000000e3200000, 0x00000000f5a00000)
  object space 36864K, 39% used [0x00000000e0e00000,0x00000000e1c0daa0,0x00000000e3200000)
 Metaspace       used 3635K, capacity 4606K, committed 4864K, reserved 1056768K
  class space    used 398K, capacity 430K, committed 512K, reserved 1048576K
}
Event: 28.386 GC heap before
{Heap before GC invocations=13 (full 1):
 PSYoungGen      total 87552K, used 78368K [0x00000000f5a00000, 0x00000000fc800000, 0x0000000100000000)
  eden space 78336K, 100% used [0x00000000f5a00000,0x00000000fa680000,0x00000000fa680000)
  from space 9216K, 0% used [0x00000000fa680000,0x00000000fa688000,0x00000000faf80000)
  to   space 8704K, 0% used [0x00000000fbf80000,0x00000000fbf80000,0x00000000fc800000)
 ParOldGen       total 36864K, used 14390K [0x00000000e0e00000, 0x00000000e3200000, 0x00000000f5a00000)
  object space 36864K, 39% used [0x00000000e0e00000,0x00000000e1c0daa0,0x00000000e3200000)
 Metaspace       used 3636K, capacity 4606K, committed 4864K, reserved 1056768K
  class space    used 398K, capacity 430K, committed 512K, reserved 1048576K
Event: 28.402 GC heap after
Heap after GC invocations=13 (full 1):
 PSYoungGen      total 99840K, used 32K [0x00000000f5a00000, 0x00000000fc580000, 0x0000000100000000)
  eden space 93696K, 0% used [0x00000000f5a00000,0x00000000f5a00000,0x00000000fb580000)
  from space 6144K, 0% used [0x00000000fbf80000,0x00000000fbf88000,0x00000000fc580000)
  to   space 8192K, 0% used [0x00000000fb580000,0x00000000fb580000,0x00000000fbd80000)
 ParOldGen       total 36864K, used 14398K [0x00000000e0e00000, 0x00000000e3200000, 0x00000000f5a00000)
  object space 36864K, 39% used [0x00000000e0e00000,0x00000000e1c0faa0,0x00000000e3200000)
 Metaspace       used 3636K, capacity 4606K, committed 4864K, reserved 1056768K
  class space    used 398K, capacity 430K, committed 512K, reserved 1048576K
}
Event: 30.517 GC heap before
{Heap before GC invocations=14 (full 1):
 PSYoungGen      total 99840K, used 93728K [0x00000000f5a00000, 0x00000000fc580000, 0x0000000100000000)
  eden space 93696K, 100% used [0x00000000f5a00000,0x00000000fb580000,0x00000000fb580000)
  from space 6144K, 0% used [0x00000000fbf80000,0x00000000fbf88000,0x00000000fc580000)
  to   space 8192K, 0% used [0x00000000fb580000,0x00000000fb580000,0x00000000fbd80000)
 ParOldGen       total 36864K, used 14398K [0x00000000e0e00000, 0x00000000e3200000, 0x00000000f5a00000)
  object space 36864K, 39% used [0x00000000e0e00000,0x00000000e1c0faa0,0x00000000e3200000)
 Metaspace       used 3636K, capacity 4606K, committed 4864K, reserved 1056768K
  class space    used 398K, capacity 430K, committed 512K, reserved 1048576K

