# JRE version: OpenJDK Runtime Environment (8.0_121-b13) (build 1.8.0_121-8u121-b13-0ubuntu1.16.04.2-b13)
# Java VM: OpenJDK 64-Bit Server VM (25.121-b13 mixed mode linux-amd64 compressed oops)
Heap:
 PSYoungGen      total 92672K, used 64K [0x00000000f5a00000, 0x00000000fbd80000, 0x0000000100000000)
  eden space 83456K, 0% used [0x00000000f5a00000,0x00000000f5a00000,0x00000000fab80000)
  from space 9216K, 0% used [0x00000000fab80000,0x00000000fab90000,0x00000000fb480000)
  to   space 8704K, 0% used [0x00000000fb500000,0x00000000fb500000,0x00000000fbd80000)
 ParOldGen       total 36352K, used 14379K [0x00000000e0e00000, 0x00000000e3180000, 0x00000000f5a00000)
  object space 36352K, 39% used [0x00000000e0e00000,0x00000000e1c0ace0,0x00000000e3180000)
 Metaspace       used 3626K, capacity 4606K, committed 4864K, reserved 1056768K
  class space    used 398K, capacity 430K, committed 512K, reserved 1048576K
GC Heap History (10 events):
Event: 21.560 GC heap after
Heap after GC invocations=7 (full 1):
 PSYoungGen      total 55808K, used 32K [0x00000000f5a00000, 0x00000000fa280000, 0x0000000100000000)
  eden space 44544K, 0% used [0x00000000f5a00000,0x00000000f5a00000,0x00000000f8580000)
  from space 11264K, 0% used [0x00000000f9080000,0x00000000f9088000,0x00000000f9b80000)
  to   space 11264K, 0% used [0x00000000f8580000,0x00000000f8580000,0x00000000f9080000)
 ParOldGen       total 36352K, used 14379K [0x00000000e0e00000, 0x00000000e3180000, 0x00000000f5a00000)
  object space 36352K, 39% used [0x00000000e0e00000,0x00000000e1c0ace0,0x00000000e3180000)
 Metaspace       used 3603K, capacity 4606K, committed 4864K, reserved 1056768K
  class space    used 398K, capacity 430K, committed 512K, reserved 1048576K
}
Event: 22.605 GC heap before
{Heap before GC invocations=8 (full 1):
 PSYoungGen      total 55808K, used 44575K [0x00000000f5a00000, 0x00000000fa280000, 0x0000000100000000)
  eden space 44544K, 99% used [0x00000000f5a00000,0x00000000f857fc20,0x00000000f8580000)
  from space 11264K, 0% used [0x00000000f9080000,0x00000000f9088000,0x00000000f9b80000)
  to   space 11264K, 0% used [0x00000000f8580000,0x00000000f8580000,0x00000000f9080000)
 ParOldGen       total 36352K, used 14379K [0x00000000e0e00000, 0x00000000e3180000, 0x00000000f5a00000)
  object space 36352K, 39% used [0x00000000e0e00000,0x00000000e1c0ace0,0x00000000e3180000)
 Metaspace       used 3609K, capacity 4606K, committed 4864K, reserved 1056768K
  class space    used 398K, capacity 430K, committed 512K, reserved 1048576K
Event: 22.638 GC heap after
Heap after GC invocations=8 (full 1):
 PSYoungGen      total 55808K, used 32K [0x00000000f5a00000, 0x00000000faf80000, 0x0000000100000000)
  eden space 44544K, 0% used [0x00000000f5a00000,0x00000000f5a00000,0x00000000f8580000)
  from space 11264K, 0% used [0x00000000f8580000,0x00000000f8588000,0x00000000f9080000)
  to   space 10752K, 0% used [0x00000000fa500000,0x00000000fa500000,0x00000000faf80000)
 ParOldGen       total 36352K, used 14379K [0x00000000e0e00000, 0x00000000e3180000, 0x00000000f5a00000)
  object space 36352K, 39% used [0x00000000e0e00000,0x00000000e1c0ace0,0x00000000e3180000)
 Metaspace       used 3609K, capacity 4606K, committed 4864K, reserved 1056768K
  class space    used 398K, capacity 430K, committed 512K, reserved 1048576K
}
Event: 23.358 GC heap before
{Heap before GC invocations=9 (full 1):
 PSYoungGen      total 55808K, used 44576K [0x00000000f5a00000, 0x00000000faf80000, 0x0000000100000000)
  eden space 44544K, 100% used [0x00000000f5a00000,0x00000000f8580000,0x00000000f8580000)
  from space 11264K, 0% used [0x00000000f8580000,0x00000000f8588000,0x00000000f9080000)
  to   space 10752K, 0% used [0x00000000fa500000,0x00000000fa500000,0x00000000faf80000)
 ParOldGen       total 36352K, used 14379K [0x00000000e0e00000, 0x00000000e3180000, 0x00000000f5a00000)
  object space 36352K, 39% used [0x00000000e0e00000,0x00000000e1c0ace0,0x00000000e3180000)
 Metaspace       used 3609K, capacity 4606K, committed 4864K, reserved 1056768K
  class space    used 398K, capacity 430K, committed 512K, reserved 1048576K
Event: 23.393 GC heap after
Heap after GC invocations=9 (full 1):
 PSYoungGen      total 75776K, used 32K [0x00000000f5a00000, 0x00000000fae80000, 0x0000000100000000)
  eden space 66048K, 0% used [0x00000000f5a00000,0x00000000f5a00000,0x00000000f9a80000)
  from space 9728K, 0% used [0x00000000fa500000,0x00000000fa508000,0x00000000fae80000)
  to   space 10240K, 0% used [0x00000000f9a80000,0x00000000f9a80000,0x00000000fa480000)
 ParOldGen       total 36352K, used 14379K [0x00000000e0e00000, 0x00000000e3180000, 0x00000000f5a00000)
  object space 36352K, 39% used [0x00000000e0e00000,0x00000000e1c0ace0,0x00000000e3180000)
 Metaspace       used 3609K, capacity 4606K, committed 4864K, reserved 1056768K
  class space    used 398K, capacity 430K, committed 512K, reserved 1048576K
}
Event: 24.602 GC heap before
{Heap before GC invocations=10 (full 1):
 PSYoungGen      total 75776K, used 66080K [0x00000000f5a00000, 0x00000000fae80000, 0x0000000100000000)
  eden space 66048K, 100% used [0x00000000f5a00000,0x00000000f9a80000,0x00000000f9a80000)
  from space 9728K, 0% used [0x00000000fa500000,0x00000000fa508000,0x00000000fae80000)
  to   space 10240K, 0% used [0x00000000f9a80000,0x00000000f9a80000,0x00000000fa480000)
 ParOldGen       total 36352K, used 14379K [0x00000000e0e00000, 0x00000000e3180000, 0x00000000f5a00000)
  object space 36352K, 39% used [0x00000000e0e00000,0x00000000e1c0ace0,0x00000000e3180000)
 Metaspace       used 3620K, capacity 4606K, committed 4864K, reserved 1056768K
  class space    used 398K, capacity 430K, committed 512K, reserved 1048576K
Event: 24.618 GC heap after
Heap after GC invocations=10 (full 1):
 PSYoungGen      total 76288K, used 32K [0x00000000f5a00000, 0x00000000fbe80000, 0x0000000100000000)
  eden space 66048K, 0% used [0x00000000f5a00000,0x00000000f5a00000,0x00000000f9a80000)
  from space 10240K, 0% used [0x00000000f9a80000,0x00000000f9a88000,0x00000000fa480000)
  to   space 9728K, 0% used [0x00000000fb500000,0x00000000fb500000,0x00000000fbe80000)
 ParOldGen       total 36352K, used 14379K [0x00000000e0e00000, 0x00000000e3180000, 0x00000000f5a00000)
  object space 36352K, 39% used [0x00000000e0e00000,0x00000000e1c0ace0,0x00000000e3180000)
 Metaspace       used 3620K, capacity 4606K, committed 4864K, reserved 1056768K
  class space    used 398K, capacity 430K, committed 512K, reserved 1048576K
}
Event: 25.351 GC heap before
{Heap before GC invocations=11 (full 1):
 PSYoungGen      total 76288K, used 66080K [0x00000000f5a00000, 0x00000000fbe80000, 0x0000000100000000)
  eden space 66048K, 100% used [0x00000000f5a00000,0x00000000f9a80000,0x00000000f9a80000)
  from space 10240K, 0% used [0x00000000f9a80000,0x00000000f9a88000,0x00000000fa480000)
  to   space 9728K, 0% used [0x00000000fb500000,0x00000000fb500000,0x00000000fbe80000)
 ParOldGen       total 36352K, used 14379K [0x00000000e0e00000, 0x00000000e3180000, 0x00000000f5a00000)
  object space 36352K, 39% used [0x00000000e0e00000,0x00000000e1c0ace0,0x00000000e3180000)
 Metaspace       used 3626K, capacity 4606K, committed 4864K, reserved 1056768K
  class space    used 398K, capacity 430K, committed 512K, reserved 1048576K
Event: 25.382 GC heap after
Heap after GC invocations=11 (full 1):
 PSYoungGen      total 92160K, used 32K [0x00000000f5a00000, 0x00000000fbd80000, 0x0000000100000000)
  eden space 83456K, 0% used [0x00000000f5a00000,0x00000000f5a00000,0x00000000fab80000)
  from space 8704K, 0% used [0x00000000fb500000,0x00000000fb508000,0x00000000fbd80000)
  to   space 9216K, 0% used [0x00000000fab80000,0x00000000fab80000,0x00000000fb480000)
 ParOldGen       total 36352K, used 14379K [0x00000000e0e00000, 0x00000000e3180000, 0x00000000f5a00000)
  object space 36352K, 39% used [0x00000000e0e00000,0x00000000e1c0ace0,0x00000000e3180000)
 Metaspace       used 3626K, capacity 4606K, committed 4864K, reserved 1056768K
  class space    used 398K, capacity 430K, committed 512K, reserved 1048576K
}
Event: 27.173 GC heap before
{Heap before GC invocations=12 (full 1):
 PSYoungGen      total 92160K, used 83488K [0x00000000f5a00000, 0x00000000fbd80000, 0x0000000100000000)
  eden space 83456K, 100% used [0x00000000f5a00000,0x00000000fab80000,0x00000000fab80000)
  from space 8704K, 0% used [0x00000000fb500000,0x00000000fb508000,0x00000000fbd80000)
  to   space 9216K, 0% used [0x00000000fab80000,0x00000000fab80000,0x00000000fb480000)
 ParOldGen       total 36352K, used 14379K [0x00000000e0e00000, 0x00000000e3180000, 0x00000000f5a00000)
  object space 36352K, 39% used [0x00000000e0e00000,0x00000000e1c0ace0,0x00000000e3180000)
 Metaspace       used 3626K, capacity 4606K, committed 4864K, reserved 1056768K
  class space    used 398K, capacity 430K, committed 512K, reserved 1048576K

