# JRE version: OpenJDK Runtime Environment (8.0_121-b13) (build 1.8.0_121-8u121-b13-0ubuntu1.16.04.2-b13)
# Java VM: OpenJDK 64-Bit Server VM (25.121-b13 mixed mode linux-amd64 compressed oops)
Heap:
 PSYoungGen      total 98816K, used 32K [0x00000000f5a00000, 0x00000000fc280000, 0x0000000100000000)
  eden space 90624K, 0% used [0x00000000f5a00000,0x00000000f5a00000,0x00000000fb280000)
  from space 8192K, 0% used [0x00000000fb280000,0x00000000fb288000,0x00000000fba80000)
  to   space 5120K, 0% used [0x00000000fbd80000,0x00000000fbd80000,0x00000000fc280000)
 ParOldGen       total 36864K, used 14402K [0x00000000e0e00000, 0x00000000e3200000, 0x00000000f5a00000)
  object space 36864K, 39% used [0x00000000e0e00000,0x00000000e1c10a68,0x00000000e3200000)
 Metaspace       used 3640K, capacity 4606K, committed 4864K, reserved 1056768K
  class space    used 398K, capacity 430K, committed 512K, reserved 1048576K
GC Heap History (10 events):
Event: 16.073 GC heap after
Heap after GC invocations=9 (full 1):
 PSYoungGen      total 72192K, used 64K [0x00000000f5a00000, 0x00000000fab80000, 0x0000000100000000)
  eden space 62976K, 0% used [0x00000000f5a00000,0x00000000f5a00000,0x00000000f9780000)
  from space 9216K, 0% used [0x00000000fa280000,0x00000000fa290000,0x00000000fab80000)
  to   space 10240K, 0% used [0x00000000f9780000,0x00000000f9780000,0x00000000fa180000)
 ParOldGen       total 36864K, used 14386K [0x00000000e0e00000, 0x00000000e3200000, 0x00000000f5a00000)
  object space 36864K, 39% used [0x00000000e0e00000,0x00000000e1c0ca68,0x00000000e3200000)
 Metaspace       used 3611K, capacity 4606K, committed 4864K, reserved 1056768K
  class space    used 398K, capacity 430K, committed 512K, reserved 1048576K
}
Event: 17.560 GC heap before
{Heap before GC invocations=10 (full 1):
 PSYoungGen      total 72192K, used 63040K [0x00000000f5a00000, 0x00000000fab80000, 0x0000000100000000)
  eden space 62976K, 100% used [0x00000000f5a00000,0x00000000f9780000,0x00000000f9780000)
  from space 9216K, 0% used [0x00000000fa280000,0x00000000fa290000,0x00000000fab80000)
  to   space 10240K, 0% used [0x00000000f9780000,0x00000000f9780000,0x00000000fa180000)
 ParOldGen       total 36864K, used 14386K [0x00000000e0e00000, 0x00000000e3200000, 0x00000000f5a00000)
  object space 36864K, 39% used [0x00000000e0e00000,0x00000000e1c0ca68,0x00000000e3200000)
 Metaspace       used 3622K, capacity 4606K, committed 4864K, reserved 1056768K
  class space    used 398K, capacity 430K, committed 512K, reserved 1048576K
Event: 17.561 GC heap after
Heap after GC invocations=10 (full 1):
 PSYoungGen      total 73216K, used 32K [0x00000000f5a00000, 0x00000000fb800000, 0x0000000100000000)
  eden space 62976K, 0% used [0x00000000f5a00000,0x00000000f5a00000,0x00000000f9780000)
  from space 10240K, 0% used [0x00000000f9780000,0x00000000f9788000,0x00000000fa180000)
  to   space 9728K, 0% used [0x00000000fae80000,0x00000000fae80000,0x00000000fb800000)
 ParOldGen       total 36864K, used 14386K [0x00000000e0e00000, 0x00000000e3200000, 0x00000000f5a00000)
  object space 36864K, 39% used [0x00000000e0e00000,0x00000000e1c0ca68,0x00000000e3200000)
 Metaspace       used 3622K, capacity 4606K, committed 4864K, reserved 1056768K
  class space    used 398K, capacity 430K, committed 512K, reserved 1048576K
}
Event: 17.849 GC heap before
{Heap before GC invocations=11 (full 1):
 PSYoungGen      total 73216K, used 63008K [0x00000000f5a00000, 0x00000000fb800000, 0x0000000100000000)
  eden space 62976K, 100% used [0x00000000f5a00000,0x00000000f9780000,0x00000000f9780000)
  from space 10240K, 0% used [0x00000000f9780000,0x00000000f9788000,0x00000000fa180000)
  to   space 9728K, 0% used [0x00000000fae80000,0x00000000fae80000,0x00000000fb800000)
 ParOldGen       total 36864K, used 14386K [0x00000000e0e00000, 0x00000000e3200000, 0x00000000f5a00000)
  object space 36864K, 39% used [0x00000000e0e00000,0x00000000e1c0ca68,0x00000000e3200000)
 Metaspace       used 3633K, capacity 4606K, committed 4864K, reserved 1056768K
  class space    used 398K, capacity 430K, committed 512K, reserved 1048576K
Event: 17.880 GC heap after
Heap after GC invocations=11 (full 1):
 PSYoungGen      total 87040K, used 32K [0x00000000f5a00000, 0x00000000fb880000, 0x0000000100000000)
  eden space 77312K, 0% used [0x00000000f5a00000,0x00000000f5a00000,0x00000000fa580000)
  from space 9728K, 0% used [0x00000000fae80000,0x00000000fae88000,0x00000000fb800000)
  to   space 9216K, 0% used [0x00000000fa580000,0x00000000fa580000,0x00000000fae80000)
 ParOldGen       total 36864K, used 14386K [0x00000000e0e00000, 0x00000000e3200000, 0x00000000f5a00000)
  object space 36864K, 39% used [0x00000000e0e00000,0x00000000e1c0ca68,0x00000000e3200000)
 Metaspace       used 3633K, capacity 4606K, committed 4864K, reserved 1056768K
  class space    used 398K, capacity 430K, committed 512K, reserved 1048576K
}
Event: 19.188 GC heap before
{Heap before GC invocations=12 (full 1):
 PSYoungGen      total 87040K, used 77344K [0x00000000f5a00000, 0x00000000fb880000, 0x0000000100000000)
  eden space 77312K, 100% used [0x00000000f5a00000,0x00000000fa580000,0x00000000fa580000)
  from space 9728K, 0% used [0x00000000fae80000,0x00000000fae88000,0x00000000fb800000)
  to   space 9216K, 0% used [0x00000000fa580000,0x00000000fa580000,0x00000000fae80000)
 ParOldGen       total 36864K, used 14386K [0x00000000e0e00000, 0x00000000e3200000, 0x00000000f5a00000)
  object space 36864K, 39% used [0x00000000e0e00000,0x00000000e1c0ca68,0x00000000e3200000)
 Metaspace       used 3633K, capacity 4606K, committed 4864K, reserved 1056768K
  class space    used 398K, capacity 430K, committed 512K, reserved 1048576K
Event: 19.189 GC heap after
Heap after GC invocations=12 (full 1):
 PSYoungGen      total 86528K, used 32K [0x00000000f5a00000, 0x00000000fc600000, 0x0000000100000000)
  eden space 77312K, 0% used [0x00000000f5a00000,0x00000000f5a00000,0x00000000fa580000)
  from space 9216K, 0% used [0x00000000fa580000,0x00000000fa588000,0x00000000fae80000)
  to   space 8704K, 0% used [0x00000000fbd80000,0x00000000fbd80000,0x00000000fc600000)
 ParOldGen       total 36864K, used 14394K [0x00000000e0e00000, 0x00000000e3200000, 0x00000000f5a00000)
  object space 36864K, 39% used [0x00000000e0e00000,0x00000000e1c0ea68,0x00000000e3200000)
 Metaspace       used 3633K, capacity 4606K, committed 4864K, reserved 1056768K
  class space    used 398K, capacity 430K, committed 512K, reserved 1048576K
}
Event: 19.522 GC heap before
{Heap before GC invocations=13 (full 1):
 PSYoungGen      total 86528K, used 77344K [0x00000000f5a00000, 0x00000000fc600000, 0x0000000100000000)
  eden space 77312K, 100% used [0x00000000f5a00000,0x00000000fa580000,0x00000000fa580000)
  from space 9216K, 0% used [0x00000000fa580000,0x00000000fa588000,0x00000000fae80000)
  to   space 8704K, 0% used [0x00000000fbd80000,0x00000000fbd80000,0x00000000fc600000)
 ParOldGen       total 36864K, used 14394K [0x00000000e0e00000, 0x00000000e3200000, 0x00000000f5a00000)
  object space 36864K, 39% used [0x00000000e0e00000,0x00000000e1c0ea68,0x00000000e3200000)
 Metaspace       used 3640K, capacity 4606K, committed 4864K, reserved 1056768K
  class space    used 398K, capacity 430K, committed 512K, reserved 1048576K
Event: 19.523 GC heap after
Heap after GC invocations=13 (full 1):
 PSYoungGen      total 95744K, used 32K [0x00000000f5a00000, 0x00000000fc280000, 0x0000000100000000)
  eden space 90624K, 0% used [0x00000000f5a00000,0x00000000f5a00000,0x00000000fb280000)
  from space 5120K, 0% used [0x00000000fbd80000,0x00000000fbd88000,0x00000000fc280000)
  to   space 8192K, 0% used [0x00000000fb280000,0x00000000fb280000,0x00000000fba80000)
 ParOldGen       total 36864K, used 14402K [0x00000000e0e00000, 0x00000000e3200000, 0x00000000f5a00000)
  object space 36864K, 39% used [0x00000000e0e00000,0x00000000e1c10a68,0x00000000e3200000)
 Metaspace       used 3640K, capacity 4606K, committed 4864K, reserved 1056768K
  class space    used 398K, capacity 430K, committed 512K, reserved 1048576K
}
Event: 21.739 GC heap before
{Heap before GC invocations=14 (full 1):
 PSYoungGen      total 95744K, used 90656K [0x00000000f5a00000, 0x00000000fc280000, 0x0000000100000000)
  eden space 90624K, 100% used [0x00000000f5a00000,0x00000000fb280000,0x00000000fb280000)
  from space 5120K, 0% used [0x00000000fbd80000,0x00000000fbd88000,0x00000000fc280000)
  to   space 8192K, 0% used [0x00000000fb280000,0x00000000fb280000,0x00000000fba80000)
 ParOldGen       total 36864K, used 14402K [0x00000000e0e00000, 0x00000000e3200000, 0x00000000f5a00000)
  object space 36864K, 39% used [0x00000000e0e00000,0x00000000e1c10a68,0x00000000e3200000)
 Metaspace       used 3640K, capacity 4606K, committed 4864K, reserved 1056768K
  class space    used 398K, capacity 430K, committed 512K, reserved 1048576K

