# JRE version: OpenJDK Runtime Environment (8.0_121-b13) (build 1.8.0_121-8u121-b13-0ubuntu1.16.04.2-b13)
# Java VM: OpenJDK 64-Bit Server VM (25.121-b13 mixed mode linux-amd64 compressed oops)
Heap:
 PSYoungGen      total 14848K, used 2753K [0x00000000f5a00000, 0x00000000f6c00000, 0x0000000100000000)
  eden space 11776K, 0% used [0x00000000f5a00000,0x00000000f5a00000,0x00000000f6580000)
  from space 3072K, 89% used [0x00000000f6580000,0x00000000f6830568,0x00000000f6880000)
  to   space 2560K, 0% used [0x00000000f6880000,0x00000000f6880000,0x00000000f6b00000)
 ParOldGen       total 5632K, used 3565K [0x00000000e0e00000, 0x00000000e1380000, 0x00000000f5a00000)
  object space 5632K, 63% used [0x00000000e0e00000,0x00000000e117b610,0x00000000e1380000)
 Metaspace       used 8544K, capacity 9268K, committed 9472K, reserved 1058816K
  class space    used 963K, capacity 1008K, committed 1024K, reserved 1048576K
GC Heap History (10 events):
Event: 4.159 GC heap after
Heap after GC invocations=4 (full 0):
 PSYoungGen      total 3584K, used 480K [0x00000000f5a00000, 0x00000000f5e00000, 0x0000000100000000)
  eden space 3072K, 0% used [0x00000000f5a00000,0x00000000f5a00000,0x00000000f5d00000)
  from space 512K, 93% used [0x00000000f5d80000,0x00000000f5df8020,0x00000000f5e00000)
  to   space 512K, 0% used [0x00000000f5d00000,0x00000000f5d00000,0x00000000f5d80000)
 ParOldGen       total 5632K, used 508K [0x00000000e0e00000, 0x00000000e1380000, 0x00000000f5a00000)
  object space 5632K, 9% used [0x00000000e0e00000,0x00000000e0e7f030,0x00000000e1380000)
 Metaspace       used 4865K, capacity 6124K, committed 6272K, reserved 1056768K
  class space    used 573K, capacity 616K, committed 640K, reserved 1048576K
}
Event: 5.130 GC heap before
{Heap before GC invocations=5 (full 0):
 PSYoungGen      total 3584K, used 3552K [0x00000000f5a00000, 0x00000000f5e00000, 0x0000000100000000)
  eden space 3072K, 100% used [0x00000000f5a00000,0x00000000f5d00000,0x00000000f5d00000)
  from space 512K, 93% used [0x00000000f5d80000,0x00000000f5df8020,0x00000000f5e00000)
  to   space 512K, 0% used [0x00000000f5d00000,0x00000000f5d00000,0x00000000f5d80000)
 ParOldGen       total 5632K, used 508K [0x00000000e0e00000, 0x00000000e1380000, 0x00000000f5a00000)
  object space 5632K, 9% used [0x00000000e0e00000,0x00000000e0e7f030,0x00000000e1380000)
 Metaspace       used 5710K, capacity 6892K, committed 7168K, reserved 1056768K
  class space    used 698K, capacity 744K, committed 768K, reserved 1048576K
Event: 5.412 GC heap after
Heap after GC invocations=5 (full 0):
 PSYoungGen      total 3584K, used 512K [0x00000000f5a00000, 0x00000000f6200000, 0x0000000100000000)
  eden space 3072K, 0% used [0x00000000f5a00000,0x00000000f5a00000,0x00000000f5d00000)
  from space 512K, 100% used [0x00000000f5d00000,0x00000000f5d80000,0x00000000f5d80000)
  to   space 1024K, 0% used [0x00000000f6100000,0x00000000f6100000,0x00000000f6200000)
 ParOldGen       total 5632K, used 596K [0x00000000e0e00000, 0x00000000e1380000, 0x00000000f5a00000)
  object space 5632K, 10% used [0x00000000e0e00000,0x00000000e0e95030,0x00000000e1380000)
 Metaspace       used 5710K, capacity 6892K, committed 7168K, reserved 1056768K
  class space    used 698K, capacity 744K, committed 768K, reserved 1048576K
}
Event: 6.846 GC heap before
{Heap before GC invocations=6 (full 0):
 PSYoungGen      total 3584K, used 3568K [0x00000000f5a00000, 0x00000000f6200000, 0x0000000100000000)
  eden space 3072K, 99% used [0x00000000f5a00000,0x00000000f5cfc3a0,0x00000000f5d00000)
  from space 512K, 100% used [0x00000000f5d00000,0x00000000f5d80000,0x00000000f5d80000)
  to   space 1024K, 0% used [0x00000000f6100000,0x00000000f6100000,0x00000000f6200000)
 ParOldGen       total 5632K, used 596K [0x00000000e0e00000, 0x00000000e1380000, 0x00000000f5a00000)
  object space 5632K, 10% used [0x00000000e0e00000,0x00000000e0e95030,0x00000000e1380000)
 Metaspace       used 6830K, capacity 7828K, committed 8064K, reserved 1056768K
  class space    used 829K, capacity 848K, committed 896K, reserved 1048576K
Event: 6.871 GC heap after
Heap after GC invocations=6 (full 0):
 PSYoungGen      total 7168K, used 943K [0x00000000f5a00000, 0x00000000f6200000, 0x0000000100000000)
  eden space 6144K, 0% used [0x00000000f5a00000,0x00000000f5a00000,0x00000000f6000000)
  from space 1024K, 92% used [0x00000000f6100000,0x00000000f61ebc40,0x00000000f6200000)
  to   space 1024K, 0% used [0x00000000f6000000,0x00000000f6000000,0x00000000f6100000)
 ParOldGen       total 5632K, used 596K [0x00000000e0e00000, 0x00000000e1380000, 0x00000000f5a00000)
  object space 5632K, 10% used [0x00000000e0e00000,0x00000000e0e95030,0x00000000e1380000)
 Metaspace       used 6830K, capacity 7828K, committed 8064K, reserved 1056768K
  class space    used 829K, capacity 848K, committed 896K, reserved 1048576K
}
Event: 9.291 GC heap before
{Heap before GC invocations=7 (full 0):
 PSYoungGen      total 7168K, used 7024K [0x00000000f5a00000, 0x00000000f6200000, 0x0000000100000000)
  eden space 6144K, 98% used [0x00000000f5a00000,0x00000000f5ff0510,0x00000000f6000000)
  from space 1024K, 92% used [0x00000000f6100000,0x00000000f61ebc40,0x00000000f6200000)
  to   space 1024K, 0% used [0x00000000f6000000,0x00000000f6000000,0x00000000f6100000)
 ParOldGen       total 5632K, used 596K [0x00000000e0e00000, 0x00000000e1380000, 0x00000000f5a00000)
  object space 5632K, 10% used [0x00000000e0e00000,0x00000000e0e95030,0x00000000e1380000)
 Metaspace       used 7151K, capacity 8052K, committed 8320K, reserved 1056768K
  class space    used 852K, capacity 880K, committed 896K, reserved 1048576K
Event: 9.412 GC heap after
Heap after GC invocations=7 (full 0):
 PSYoungGen      total 7168K, used 1024K [0x00000000f5a00000, 0x00000000f6b00000, 0x0000000100000000)
  eden space 6144K, 0% used [0x00000000f5a00000,0x00000000f5a00000,0x00000000f6000000)
  from space 1024K, 100% used [0x00000000f6000000,0x00000000f6100000,0x00000000f6100000)
  to   space 2560K, 0% used [0x00000000f6880000,0x00000000f6880000,0x00000000f6b00000)
 ParOldGen       total 5632K, used 3349K [0x00000000e0e00000, 0x00000000e1380000, 0x00000000f5a00000)
  object space 5632K, 59% used [0x00000000e0e00000,0x00000000e1145610,0x00000000e1380000)
 Metaspace       used 7151K, capacity 8052K, committed 8320K, reserved 1056768K
  class space    used 852K, capacity 880K, committed 896K, reserved 1048576K
}
Event: 11.777 GC heap before
{Heap before GC invocations=8 (full 0):
 PSYoungGen      total 7168K, used 7162K [0x00000000f5a00000, 0x00000000f6b00000, 0x0000000100000000)
  eden space 6144K, 99% used [0x00000000f5a00000,0x00000000f5ffe8a0,0x00000000f6000000)
  from space 1024K, 100% used [0x00000000f6000000,0x00000000f6100000,0x00000000f6100000)
  to   space 2560K, 0% used [0x00000000f6880000,0x00000000f6880000,0x00000000f6b00000)
 ParOldGen       total 5632K, used 3349K [0x00000000e0e00000, 0x00000000e1380000, 0x00000000f5a00000)
  object space 5632K, 59% used [0x00000000e0e00000,0x00000000e1145610,0x00000000e1380000)
 Metaspace       used 7661K, capacity 8500K, committed 8704K, reserved 1056768K
  class space    used 899K, capacity 944K, committed 1024K, reserved 1048576K
Event: 12.108 GC heap after
Heap after GC invocations=8 (full 0):
 PSYoungGen      total 14336K, used 2017K [0x00000000f5a00000, 0x00000000f6c00000, 0x0000000100000000)
  eden space 11776K, 0% used [0x00000000f5a00000,0x00000000f5a00000,0x00000000f6580000)
  from space 2560K, 78% used [0x00000000f6880000,0x00000000f6a78568,0x00000000f6b00000)
  to   space 3072K, 0% used [0x00000000f6580000,0x00000000f6580000,0x00000000f6880000)
 ParOldGen       total 5632K, used 3405K [0x00000000e0e00000, 0x00000000e1380000, 0x00000000f5a00000)
  object space 5632K, 60% used [0x00000000e0e00000,0x00000000e1153610,0x00000000e1380000)
 Metaspace       used 7661K, capacity 8500K, committed 8704K, reserved 1056768K
  class space    used 899K, capacity 944K, committed 1024K, reserved 1048576K
}
Event: 21.177 GC heap before
{Heap before GC invocations=9 (full 0):
 PSYoungGen      total 14336K, used 13793K [0x00000000f5a00000, 0x00000000f6c00000, 0x0000000100000000)
  eden space 11776K, 100% used [0x00000000f5a00000,0x00000000f6580000,0x00000000f6580000)
  from space 2560K, 78% used [0x00000000f6880000,0x00000000f6a78568,0x00000000f6b00000)
  to   space 3072K, 0% used [0x00000000f6580000,0x00000000f6580000,0x00000000f6880000)
 ParOldGen       total 5632K, used 3405K [0x00000000e0e00000, 0x00000000e1380000, 0x00000000f5a00000)
  object space 5632K, 60% used [0x00000000e0e00000,0x00000000e1153610,0x00000000e1380000)
 Metaspace       used 8544K, capacity 9268K, committed 9472K, reserved 1058816K
  class space    used 963K, capacity 1008K, committed 1024K, reserved 1048576K

