# JRE version: OpenJDK Runtime Environment (8.0_121-b13) (build 1.8.0_121-8u121-b13-0ubuntu1.16.04.2-b13)
# Java VM: OpenJDK 64-Bit Server VM (25.121-b13 mixed mode linux-amd64 compressed oops)
Heap:
 PSYoungGen      total 23040K, used 0K [0x00000000f5a00000, 0x00000000ff780000, 0x0000000100000000)
  eden space 22528K, 0% used [0x00000000f5a00000,0x00000000f5a00000,0x00000000f7000000)
  from space 512K, 0% used [0x00000000ff680000,0x00000000ff680000,0x00000000ff700000)
  to   space 512K, 0% used [0x00000000ff700000,0x00000000ff700000,0x00000000ff780000)
 ParOldGen       total 25088K, used 16239K [0x00000000e0e00000, 0x00000000e2680000, 0x00000000f5a00000)
  object space 25088K, 64% used [0x00000000e0e00000,0x00000000e1ddbf40,0x00000000e2680000)
 Metaspace       used 4021K, capacity 4704K, committed 4864K, reserved 1056768K
  class space    used 415K, capacity 464K, committed 512K, reserved 1048576K
GC Heap History (10 events):
Event: 42600.030 GC heap after
Heap after GC invocations=11962 (full 17):
 PSYoungGen      total 15872K, used 64K [0x00000000f5a00000, 0x00000000ff780000, 0x0000000100000000)
  eden space 15360K, 0% used [0x00000000f5a00000,0x00000000f5a00000,0x00000000f6900000)
  from space 512K, 12% used [0x00000000ff680000,0x00000000ff690000,0x00000000ff700000)
  to   space 512K, 0% used [0x00000000ff700000,0x00000000ff700000,0x00000000ff780000)
 ParOldGen       total 25088K, used 24991K [0x00000000e0e00000, 0x00000000e2680000, 0x00000000f5a00000)
  object space 25088K, 99% used [0x00000000e0e00000,0x00000000e2667c40,0x00000000e2680000)
 Metaspace       used 4021K, capacity 4704K, committed 4864K, reserved 1056768K
  class space    used 415K, capacity 464K, committed 512K, reserved 1048576K
}
Event: 42603.438 GC heap before
{Heap before GC invocations=11963 (full 17):
 PSYoungGen      total 15872K, used 15424K [0x00000000f5a00000, 0x00000000ff780000, 0x0000000100000000)
  eden space 15360K, 100% used [0x00000000f5a00000,0x00000000f6900000,0x00000000f6900000)
  from space 512K, 12% used [0x00000000ff680000,0x00000000ff690000,0x00000000ff700000)
  to   space 512K, 0% used [0x00000000ff700000,0x00000000ff700000,0x00000000ff780000)
 ParOldGen       total 25088K, used 24991K [0x00000000e0e00000, 0x00000000e2680000, 0x00000000f5a00000)
  object space 25088K, 99% used [0x00000000e0e00000,0x00000000e2667c40,0x00000000e2680000)
 Metaspace       used 4021K, capacity 4704K, committed 4864K, reserved 1056768K
  class space    used 415K, capacity 464K, committed 512K, reserved 1048576K
Event: 42603.468 GC heap after
Heap after GC invocations=11963 (full 17):
 PSYoungGen      total 15872K, used 64K [0x00000000f5a00000, 0x00000000ff780000, 0x0000000100000000)
  eden space 15360K, 0% used [0x00000000f5a00000,0x00000000f5a00000,0x00000000f6900000)
  from space 512K, 12% used [0x00000000ff700000,0x00000000ff710000,0x00000000ff780000)
  to   space 512K, 0% used [0x00000000ff680000,0x00000000ff680000,0x00000000ff700000)
 ParOldGen       total 25088K, used 25007K [0x00000000e0e00000, 0x00000000e2680000, 0x00000000f5a00000)
  object space 25088K, 99% used [0x00000000e0e00000,0x00000000e266bc40,0x00000000e2680000)
 Metaspace       used 4021K, capacity 4704K, committed 4864K, reserved 1056768K
  class space    used 415K, capacity 464K, committed 512K, reserved 1048576K
}
Event: 42607.189 GC heap before
{Heap before GC invocations=11964 (full 17):
 PSYoungGen      total 15872K, used 15424K [0x00000000f5a00000, 0x00000000ff780000, 0x0000000100000000)
  eden space 15360K, 100% used [0x00000000f5a00000,0x00000000f6900000,0x00000000f6900000)
  from space 512K, 12% used [0x00000000ff700000,0x00000000ff710000,0x00000000ff780000)
  to   space 512K, 0% used [0x00000000ff680000,0x00000000ff680000,0x00000000ff700000)
 ParOldGen       total 25088K, used 25007K [0x00000000e0e00000, 0x00000000e2680000, 0x00000000f5a00000)
  object space 25088K, 99% used [0x00000000e0e00000,0x00000000e266bc40,0x00000000e2680000)
 Metaspace       used 4021K, capacity 4704K, committed 4864K, reserved 1056768K
  class space    used 415K, capacity 464K, committed 512K, reserved 1048576K
Event: 42607.237 GC heap after
Heap after GC invocations=11964 (full 17):
 PSYoungGen      total 15872K, used 96K [0x00000000f5a00000, 0x00000000ff780000, 0x0000000100000000)
  eden space 15360K, 0% used [0x00000000f5a00000,0x00000000f5a00000,0x00000000f6900000)
  from space 512K, 18% used [0x00000000ff680000,0x00000000ff698000,0x00000000ff700000)
  to   space 512K, 0% used [0x00000000ff700000,0x00000000ff700000,0x00000000ff780000)
 ParOldGen       total 25088K, used 25031K [0x00000000e0e00000, 0x00000000e2680000, 0x00000000f5a00000)
  object space 25088K, 99% used [0x00000000e0e00000,0x00000000e2671c40,0x00000000e2680000)
 Metaspace       used 4021K, capacity 4704K, committed 4864K, reserved 1056768K
  class space    used 415K, capacity 464K, committed 512K, reserved 1048576K
}
Event: 42610.747 GC heap before
{Heap before GC invocations=11965 (full 17):
 PSYoungGen      total 15872K, used 15456K [0x00000000f5a00000, 0x00000000ff780000, 0x0000000100000000)
  eden space 15360K, 100% used [0x00000000f5a00000,0x00000000f6900000,0x00000000f6900000)
  from space 512K, 18% used [0x00000000ff680000,0x00000000ff698000,0x00000000ff700000)
  to   space 512K, 0% used [0x00000000ff700000,0x00000000ff700000,0x00000000ff780000)
 ParOldGen       total 25088K, used 25031K [0x00000000e0e00000, 0x00000000e2680000, 0x00000000f5a00000)
  object space 25088K, 99% used [0x00000000e0e00000,0x00000000e2671c40,0x00000000e2680000)
 Metaspace       used 4021K, capacity 4704K, committed 4864K, reserved 1056768K
  class space    used 415K, capacity 464K, committed 512K, reserved 1048576K
Event: 42610.782 GC heap after
Heap after GC invocations=11965 (full 17):
 PSYoungGen      total 18944K, used 96K [0x00000000f5a00000, 0x00000000ff780000, 0x0000000100000000)
  eden space 18432K, 0% used [0x00000000f5a00000,0x00000000f5a00000,0x00000000f6c00000)
  from space 512K, 18% used [0x00000000ff700000,0x00000000ff718000,0x00000000ff780000)
  to   space 512K, 0% used [0x00000000ff680000,0x00000000ff680000,0x00000000ff700000)
 ParOldGen       total 25088K, used 25055K [0x00000000e0e00000, 0x00000000e2680000, 0x00000000f5a00000)
  object space 25088K, 99% used [0x00000000e0e00000,0x00000000e2677c40,0x00000000e2680000)
 Metaspace       used 4021K, capacity 4704K, committed 4864K, reserved 1056768K
  class space    used 415K, capacity 464K, committed 512K, reserved 1048576K
}
Event: 42615.217 GC heap before
{Heap before GC invocations=11966 (full 17):
 PSYoungGen      total 18944K, used 18528K [0x00000000f5a00000, 0x00000000ff780000, 0x0000000100000000)
  eden space 18432K, 100% used [0x00000000f5a00000,0x00000000f6c00000,0x00000000f6c00000)
  from space 512K, 18% used [0x00000000ff700000,0x00000000ff718000,0x00000000ff780000)
  to   space 512K, 0% used [0x00000000ff680000,0x00000000ff680000,0x00000000ff700000)
 ParOldGen       total 25088K, used 25055K [0x00000000e0e00000, 0x00000000e2680000, 0x00000000f5a00000)
  object space 25088K, 99% used [0x00000000e0e00000,0x00000000e2677c40,0x00000000e2680000)
 Metaspace       used 4021K, capacity 4704K, committed 4864K, reserved 1056768K
  class space    used 415K, capacity 464K, committed 512K, reserved 1048576K
Event: 42615.309 GC heap after
Heap after GC invocations=11966 (full 17):
 PSYoungGen      total 23040K, used 96K [0x00000000f5a00000, 0x00000000ff780000, 0x0000000100000000)
  eden space 22528K, 0% used [0x00000000f5a00000,0x00000000f5a00000,0x00000000f7000000)
  from space 512K, 18% used [0x00000000ff680000,0x00000000ff698000,0x00000000ff700000)
  to   space 512K, 0% used [0x00000000ff700000,0x00000000ff700000,0x00000000ff780000)
 ParOldGen       total 25088K, used 25079K [0x00000000e0e00000, 0x00000000e2680000, 0x00000000f5a00000)
  object space 25088K, 99% used [0x00000000e0e00000,0x00000000e267dc40,0x00000000e2680000)
 Metaspace       used 4021K, capacity 4704K, committed 4864K, reserved 1056768K
  class space    used 415K, capacity 464K, committed 512K, reserved 1048576K
}
Event: 42615.309 GC heap before
{Heap before GC invocations=11967 (full 18):
 PSYoungGen      total 23040K, used 96K [0x00000000f5a00000, 0x00000000ff780000, 0x0000000100000000)
  eden space 22528K, 0% used [0x00000000f5a00000,0x00000000f5a00000,0x00000000f7000000)
  from space 512K, 18% used [0x00000000ff680000,0x00000000ff698000,0x00000000ff700000)
  to   space 512K, 0% used [0x00000000ff700000,0x00000000ff700000,0x00000000ff780000)
 ParOldGen       total 25088K, used 25079K [0x00000000e0e00000, 0x00000000e2680000, 0x00000000f5a00000)
  object space 25088K, 99% used [0x00000000e0e00000,0x00000000e267dc40,0x00000000e2680000)
 Metaspace       used 4021K, capacity 4704K, committed 4864K, reserved 1056768K
  class space    used 415K, capacity 464K, committed 512K, reserved 1048576K

