# JRE version: OpenJDK Runtime Environment (8.0_121-b13) (build 1.8.0_121-8u121-b13-0ubuntu1.16.04.2-b13)
# Java VM: OpenJDK 64-Bit Server VM (25.121-b13 mixed mode linux-amd64 compressed oops)
Heap:
 PSYoungGen      total 35840K, used 1008K [0x00000000f5a00000, 0x00000000f7e00000, 0x0000000100000000)
  eden space 34816K, 0% used [0x00000000f5a00000,0x00000000f5a00000,0x00000000f7c00000)
  from space 1024K, 98% used [0x00000000f7c00000,0x00000000f7cfc010,0x00000000f7d00000)
  to   space 1024K, 0% used [0x00000000f7d00000,0x00000000f7d00000,0x00000000f7e00000)
 ParOldGen       total 22016K, used 13840K [0x00000000e0e00000, 0x00000000e2380000, 0x00000000f5a00000)
  object space 22016K, 62% used [0x00000000e0e00000,0x00000000e1b84040,0x00000000e2380000)
 Metaspace       used 3612K, capacity 4606K, committed 4864K, reserved 1056768K
  class space    used 398K, capacity 430K, committed 512K, reserved 1048576K
GC Heap History (9 events):
Event: 3.964 GC heap before
{Heap before GC invocations=1 (full 0):
 PSYoungGen      total 9728K, used 8704K [0x00000000f5a00000, 0x00000000f6480000, 0x0000000100000000)
  eden space 8704K, 100% used [0x00000000f5a00000,0x00000000f6280000,0x00000000f6280000)
  from space 1024K, 0% used [0x00000000f6380000,0x00000000f6380000,0x00000000f6480000)
  to   space 1024K, 0% used [0x00000000f6280000,0x00000000f6280000,0x00000000f6380000)
 ParOldGen       total 22016K, used 0K [0x00000000e0e00000, 0x00000000e2380000, 0x00000000f5a00000)
  object space 22016K, 0% used [0x00000000e0e00000,0x00000000e0e00000,0x00000000e2380000)
 Metaspace       used 2579K, capacity 4566K, committed 4864K, reserved 1056768K
  class space    used 277K, capacity 390K, committed 512K, reserved 1048576K
Event: 4.572 GC heap after
Heap after GC invocations=1 (full 0):
 PSYoungGen      total 9728K, used 992K [0x00000000f5a00000, 0x00000000f6d00000, 0x0000000100000000)
  eden space 8704K, 0% used [0x00000000f5a00000,0x00000000f5a00000,0x00000000f6280000)
  from space 1024K, 96% used [0x00000000f6280000,0x00000000f6378020,0x00000000f6380000)
  to   space 1024K, 0% used [0x00000000f6c00000,0x00000000f6c00000,0x00000000f6d00000)
 ParOldGen       total 22016K, used 7744K [0x00000000e0e00000, 0x00000000e2380000, 0x00000000f5a00000)
  object space 22016K, 35% used [0x00000000e0e00000,0x00000000e1590000,0x00000000e2380000)
 Metaspace       used 2579K, capacity 4566K, committed 4864K, reserved 1056768K
  class space    used 277K, capacity 390K, committed 512K, reserved 1048576K
}
Event: 6.320 GC heap before
{Heap before GC invocations=2 (full 0):
 PSYoungGen      total 9728K, used 9696K [0x00000000f5a00000, 0x00000000f6d00000, 0x0000000100000000)
  eden space 8704K, 100% used [0x00000000f5a00000,0x00000000f6280000,0x00000000f6280000)
  from space 1024K, 96% used [0x00000000f6280000,0x00000000f6378020,0x00000000f6380000)
  to   space 1024K, 0% used [0x00000000f6c00000,0x00000000f6c00000,0x00000000f6d00000)
 ParOldGen       total 22016K, used 7744K [0x00000000e0e00000, 0x00000000e2380000, 0x00000000f5a00000)
  object space 22016K, 35% used [0x00000000e0e00000,0x00000000e1590000,0x00000000e2380000)
 Metaspace       used 3568K, capacity 4606K, committed 4864K, reserved 1056768K
  class space    used 398K, capacity 430K, committed 512K, reserved 1048576K
Event: 7.356 GC heap after
Heap after GC invocations=2 (full 0):
 PSYoungGen      total 18432K, used 1008K [0x00000000f5a00000, 0x00000000f6d00000, 0x0000000100000000)
  eden space 17408K, 0% used [0x00000000f5a00000,0x00000000f5a00000,0x00000000f6b00000)
  from space 1024K, 98% used [0x00000000f6c00000,0x00000000f6cfc010,0x00000000f6d00000)
  to   space 1024K, 0% used [0x00000000f6b00000,0x00000000f6b00000,0x00000000f6c00000)
 ParOldGen       total 22016K, used 13800K [0x00000000e0e00000, 0x00000000e2380000, 0x00000000f5a00000)
  object space 22016K, 62% used [0x00000000e0e00000,0x00000000e1b7a040,0x00000000e2380000)
 Metaspace       used 3568K, capacity 4606K, committed 4864K, reserved 1056768K
  class space    used 398K, capacity 430K, committed 512K, reserved 1048576K
}
Event: 8.770 GC heap before
{Heap before GC invocations=3 (full 0):
 PSYoungGen      total 18432K, used 18416K [0x00000000f5a00000, 0x00000000f6d00000, 0x0000000100000000)
  eden space 17408K, 100% used [0x00000000f5a00000,0x00000000f6b00000,0x00000000f6b00000)
  from space 1024K, 98% used [0x00000000f6c00000,0x00000000f6cfc010,0x00000000f6d00000)
  to   space 1024K, 0% used [0x00000000f6b00000,0x00000000f6b00000,0x00000000f6c00000)
 ParOldGen       total 22016K, used 13800K [0x00000000e0e00000, 0x00000000e2380000, 0x00000000f5a00000)
  object space 22016K, 62% used [0x00000000e0e00000,0x00000000e1b7a040,0x00000000e2380000)
 Metaspace       used 3584K, capacity 4606K, committed 4864K, reserved 1056768K
  class space    used 398K, capacity 430K, committed 512K, reserved 1048576K
Event: 8.867 GC heap after
Heap after GC invocations=3 (full 0):
 PSYoungGen      total 18432K, used 1024K [0x00000000f5a00000, 0x00000000f7e00000, 0x0000000100000000)
  eden space 17408K, 0% used [0x00000000f5a00000,0x00000000f5a00000,0x00000000f6b00000)
  from space 1024K, 100% used [0x00000000f6b00000,0x00000000f6c00000,0x00000000f6c00000)
  to   space 1024K, 0% used [0x00000000f7d00000,0x00000000f7d00000,0x00000000f7e00000)
 ParOldGen       total 22016K, used 13800K [0x00000000e0e00000, 0x00000000e2380000, 0x00000000f5a00000)
  object space 22016K, 62% used [0x00000000e0e00000,0x00000000e1b7a040,0x00000000e2380000)
 Metaspace       used 3584K, capacity 4606K, committed 4864K, reserved 1056768K
  class space    used 398K, capacity 430K, committed 512K, reserved 1048576K
}
Event: 9.252 GC heap before
{Heap before GC invocations=4 (full 0):
 PSYoungGen      total 18432K, used 18432K [0x00000000f5a00000, 0x00000000f7e00000, 0x0000000100000000)
  eden space 17408K, 100% used [0x00000000f5a00000,0x00000000f6b00000,0x00000000f6b00000)
  from space 1024K, 100% used [0x00000000f6b00000,0x00000000f6c00000,0x00000000f6c00000)
  to   space 1024K, 0% used [0x00000000f7d00000,0x00000000f7d00000,0x00000000f7e00000)
 ParOldGen       total 22016K, used 13800K [0x00000000e0e00000, 0x00000000e2380000, 0x00000000f5a00000)
  object space 22016K, 62% used [0x00000000e0e00000,0x00000000e1b7a040,0x00000000e2380000)
 Metaspace       used 3596K, capacity 4606K, committed 4864K, reserved 1056768K
  class space    used 398K, capacity 430K, committed 512K, reserved 1048576K
Event: 9.485 GC heap after
Heap after GC invocations=4 (full 0):
 PSYoungGen      total 35840K, used 1008K [0x00000000f5a00000, 0x00000000f7e00000, 0x0000000100000000)
  eden space 34816K, 0% used [0x00000000f5a00000,0x00000000f5a00000,0x00000000f7c00000)
  from space 1024K, 98% used [0x00000000f7d00000,0x00000000f7dfc010,0x00000000f7e00000)
  to   space 1024K, 0% used [0x00000000f7c00000,0x00000000f7c00000,0x00000000f7d00000)
 ParOldGen       total 22016K, used 13840K [0x00000000e0e00000, 0x00000000e2380000, 0x00000000f5a00000)
  object space 22016K, 62% used [0x00000000e0e00000,0x00000000e1b84040,0x00000000e2380000)
 Metaspace       used 3596K, capacity 4606K, committed 4864K, reserved 1056768K
  class space    used 398K, capacity 430K, committed 512K, reserved 1048576K
}
Event: 12.405 GC heap before
{Heap before GC invocations=5 (full 0):
 PSYoungGen      total 35840K, used 35824K [0x00000000f5a00000, 0x00000000f7e00000, 0x0000000100000000)
  eden space 34816K, 100% used [0x00000000f5a00000,0x00000000f7c00000,0x00000000f7c00000)
  from space 1024K, 98% used [0x00000000f7d00000,0x00000000f7dfc010,0x00000000f7e00000)
  to   space 1024K, 0% used [0x00000000f7c00000,0x00000000f7c00000,0x00000000f7d00000)
 ParOldGen       total 22016K, used 13840K [0x00000000e0e00000, 0x00000000e2380000, 0x00000000f5a00000)
  object space 22016K, 62% used [0x00000000e0e00000,0x00000000e1b84040,0x00000000e2380000)
 Metaspace       used 3612K, capacity 4606K, committed 4864K, reserved 1056768K
  class space    used 398K, capacity 430K, committed 512K, reserved 1048576K

