# JRE version: OpenJDK Runtime Environment (8.0_121-b13) (build 1.8.0_121-8u121-b13-0ubuntu1.16.04.2-b13)
# Java VM: OpenJDK 64-Bit Server VM (25.121-b13 mixed mode linux-amd64 compressed oops)
Heap:
 PSYoungGen      total 112640K, used 32K [0x00000000f5a00000, 0x00000000fce80000, 0x0000000100000000)
  eden space 105984K, 0% used [0x00000000f5a00000,0x00000000f5a00000,0x00000000fc180000)
  from space 6656K, 0% used [0x00000000fc180000,0x00000000fc188000,0x00000000fc800000)
  to   space 3584K, 0% used [0x00000000fcb00000,0x00000000fcb00000,0x00000000fce80000)
 ParOldGen       total 38400K, used 14402K [0x00000000e0e00000, 0x00000000e3380000, 0x00000000f5a00000)
  object space 38400K, 37% used [0x00000000e0e00000,0x00000000e1c10a80,0x00000000e3380000)
 Metaspace       used 3644K, capacity 4606K, committed 4864K, reserved 1056768K
  class space    used 398K, capacity 430K, committed 512K, reserved 1048576K
GC Heap History (10 events):
Event: 9.186 GC heap after
Heap after GC invocations=13 (full 1):
 PSYoungGen      total 84992K, used 32K [0x00000000f5a00000, 0x00000000fb600000, 0x0000000100000000)
  eden space 77824K, 0% used [0x00000000f5a00000,0x00000000f5a00000,0x00000000fa600000)
  from space 7168K, 0% used [0x00000000faf00000,0x00000000faf08000,0x00000000fb600000)
  to   space 8192K, 0% used [0x00000000fa600000,0x00000000fa600000,0x00000000fae00000)
 ParOldGen       total 38400K, used 14386K [0x00000000e0e00000, 0x00000000e3380000, 0x00000000f5a00000)
  object space 38400K, 37% used [0x00000000e0e00000,0x00000000e1c0ca80,0x00000000e3380000)
 Metaspace       used 3635K, capacity 4606K, committed 4864K, reserved 1056768K
  class space    used 398K, capacity 430K, committed 512K, reserved 1048576K
}
Event: 9.842 GC heap before
{Heap before GC invocations=14 (full 1):
 PSYoungGen      total 84992K, used 77856K [0x00000000f5a00000, 0x00000000fb600000, 0x0000000100000000)
  eden space 77824K, 100% used [0x00000000f5a00000,0x00000000fa600000,0x00000000fa600000)
  from space 7168K, 0% used [0x00000000faf00000,0x00000000faf08000,0x00000000fb600000)
  to   space 8192K, 0% used [0x00000000fa600000,0x00000000fa600000,0x00000000fae00000)
 ParOldGen       total 38400K, used 14386K [0x00000000e0e00000, 0x00000000e3380000, 0x00000000f5a00000)
  object space 38400K, 37% used [0x00000000e0e00000,0x00000000e1c0ca80,0x00000000e3380000)
 Metaspace       used 3635K, capacity 4606K, committed 4864K, reserved 1056768K
  class space    used 398K, capacity 430K, committed 512K, reserved 1048576K
Event: 9.861 GC heap after
Heap after GC invocations=14 (full 1):
 PSYoungGen      total 86016K, used 32K [0x00000000f5a00000, 0x00000000fc400000, 0x0000000100000000)
  eden space 77824K, 0% used [0x00000000f5a00000,0x00000000f5a00000,0x00000000fa600000)
  from space 8192K, 0% used [0x00000000fa600000,0x00000000fa608000,0x00000000fae00000)
  to   space 7680K, 0% used [0x00000000fbc80000,0x00000000fbc80000,0x00000000fc400000)
 ParOldGen       total 38400K, used 14394K [0x00000000e0e00000, 0x00000000e3380000, 0x00000000f5a00000)
  object space 38400K, 37% used [0x00000000e0e00000,0x00000000e1c0ea80,0x00000000e3380000)
 Metaspace       used 3635K, capacity 4606K, committed 4864K, reserved 1056768K
  class space    used 398K, capacity 430K, committed 512K, reserved 1048576K
}
Event: 10.487 GC heap before
{Heap before GC invocations=15 (full 1):
 PSYoungGen      total 86016K, used 77856K [0x00000000f5a00000, 0x00000000fc400000, 0x0000000100000000)
  eden space 77824K, 100% used [0x00000000f5a00000,0x00000000fa600000,0x00000000fa600000)
  from space 8192K, 0% used [0x00000000fa600000,0x00000000fa608000,0x00000000fae00000)
  to   space 7680K, 0% used [0x00000000fbc80000,0x00000000fbc80000,0x00000000fc400000)
 ParOldGen       total 38400K, used 14394K [0x00000000e0e00000, 0x00000000e3380000, 0x00000000f5a00000)
  object space 38400K, 37% used [0x00000000e0e00000,0x00000000e1c0ea80,0x00000000e3380000)
 Metaspace       used 3644K, capacity 4606K, committed 4864K, reserved 1056768K
  class space    used 398K, capacity 430K, committed 512K, reserved 1048576K
Event: 10.518 GC heap after
Heap after GC invocations=15 (full 1):
 PSYoungGen      total 100864K, used 32K [0x00000000f5a00000, 0x00000000fc400000, 0x0000000100000000)
  eden space 93184K, 0% used [0x00000000f5a00000,0x00000000f5a00000,0x00000000fb500000)
  from space 7680K, 0% used [0x00000000fbc80000,0x00000000fbc88000,0x00000000fc400000)
  to   space 7680K, 0% used [0x00000000fb500000,0x00000000fb500000,0x00000000fbc80000)
 ParOldGen       total 38400K, used 14402K [0x00000000e0e00000, 0x00000000e3380000, 0x00000000f5a00000)
  object space 38400K, 37% used [0x00000000e0e00000,0x00000000e1c10a80,0x00000000e3380000)
 Metaspace       used 3644K, capacity 4606K, committed 4864K, reserved 1056768K
  class space    used 398K, capacity 430K, committed 512K, reserved 1048576K
}
Event: 11.114 GC heap before
{Heap before GC invocations=16 (full 1):
 PSYoungGen      total 100864K, used 93216K [0x00000000f5a00000, 0x00000000fc400000, 0x0000000100000000)
  eden space 93184K, 100% used [0x00000000f5a00000,0x00000000fb500000,0x00000000fb500000)
  from space 7680K, 0% used [0x00000000fbc80000,0x00000000fbc88000,0x00000000fc400000)
  to   space 7680K, 0% used [0x00000000fb500000,0x00000000fb500000,0x00000000fbc80000)
 ParOldGen       total 38400K, used 14402K [0x00000000e0e00000, 0x00000000e3380000, 0x00000000f5a00000)
  object space 38400K, 37% used [0x00000000e0e00000,0x00000000e1c10a80,0x00000000e3380000)
 Metaspace       used 3644K, capacity 4606K, committed 4864K, reserved 1056768K
  class space    used 398K, capacity 430K, committed 512K, reserved 1048576K
Event: 11.115 GC heap after
Heap after GC invocations=16 (full 1):
 PSYoungGen      total 100864K, used 32K [0x00000000f5a00000, 0x00000000fd200000, 0x0000000100000000)
  eden space 93184K, 0% used [0x00000000f5a00000,0x00000000f5a00000,0x00000000fb500000)
  from space 7680K, 0% used [0x00000000fb500000,0x00000000fb508000,0x00000000fbc80000)
  to   space 7168K, 0% used [0x00000000fcb00000,0x00000000fcb00000,0x00000000fd200000)
 ParOldGen       total 38400K, used 14402K [0x00000000e0e00000, 0x00000000e3380000, 0x00000000f5a00000)
  object space 38400K, 37% used [0x00000000e0e00000,0x00000000e1c10a80,0x00000000e3380000)
 Metaspace       used 3644K, capacity 4606K, committed 4864K, reserved 1056768K
  class space    used 398K, capacity 430K, committed 512K, reserved 1048576K
}
Event: 11.593 GC heap before
{Heap before GC invocations=17 (full 1):
 PSYoungGen      total 100864K, used 93216K [0x00000000f5a00000, 0x00000000fd200000, 0x0000000100000000)
  eden space 93184K, 100% used [0x00000000f5a00000,0x00000000fb500000,0x00000000fb500000)
  from space 7680K, 0% used [0x00000000fb500000,0x00000000fb508000,0x00000000fbc80000)
  to   space 7168K, 0% used [0x00000000fcb00000,0x00000000fcb00000,0x00000000fd200000)
 ParOldGen       total 38400K, used 14402K [0x00000000e0e00000, 0x00000000e3380000, 0x00000000f5a00000)
  object space 38400K, 37% used [0x00000000e0e00000,0x00000000e1c10a80,0x00000000e3380000)
 Metaspace       used 3644K, capacity 4606K, committed 4864K, reserved 1056768K
  class space    used 398K, capacity 430K, committed 512K, reserved 1048576K
Event: 11.594 GC heap after
Heap after GC invocations=17 (full 1):
 PSYoungGen      total 109568K, used 32K [0x00000000f5a00000, 0x00000000fce80000, 0x0000000100000000)
  eden space 105984K, 0% used [0x00000000f5a00000,0x00000000f5a00000,0x00000000fc180000)
  from space 3584K, 0% used [0x00000000fcb00000,0x00000000fcb08000,0x00000000fce80000)
  to   space 6656K, 0% used [0x00000000fc180000,0x00000000fc180000,0x00000000fc800000)
 ParOldGen       total 38400K, used 14402K [0x00000000e0e00000, 0x00000000e3380000, 0x00000000f5a00000)
  object space 38400K, 37% used [0x00000000e0e00000,0x00000000e1c10a80,0x00000000e3380000)
 Metaspace       used 3644K, capacity 4606K, committed 4864K, reserved 1056768K
  class space    used 398K, capacity 430K, committed 512K, reserved 1048576K
}
Event: 12.084 GC heap before
{Heap before GC invocations=18 (full 1):
 PSYoungGen      total 109568K, used 106016K [0x00000000f5a00000, 0x00000000fce80000, 0x0000000100000000)
  eden space 105984K, 100% used [0x00000000f5a00000,0x00000000fc180000,0x00000000fc180000)
  from space 3584K, 0% used [0x00000000fcb00000,0x00000000fcb08000,0x00000000fce80000)
  to   space 6656K, 0% used [0x00000000fc180000,0x00000000fc180000,0x00000000fc800000)
 ParOldGen       total 38400K, used 14402K [0x00000000e0e00000, 0x00000000e3380000, 0x00000000f5a00000)
  object space 38400K, 37% used [0x00000000e0e00000,0x00000000e1c10a80,0x00000000e3380000)
 Metaspace       used 3644K, capacity 4606K, committed 4864K, reserved 1056768K
  class space    used 398K, capacity 430K, committed 512K, reserved 1048576K

