# JRE version: OpenJDK Runtime Environment (8.0_121-b13) (build 1.8.0_121-8u121-b13-0ubuntu1.16.04.2-b13)
# Java VM: OpenJDK 64-Bit Server VM (25.121-b13 mixed mode linux-amd64 compressed oops)
Heap:
 PSYoungGen      total 99840K, used 32K [0x00000000f5a00000, 0x00000000fd180000, 0x0000000100000000)
  eden space 89600K, 0% used [0x00000000f5a00000,0x00000000f5a00000,0x00000000fb180000)
  from space 10240K, 0% used [0x00000000fb180000,0x00000000fb188000,0x00000000fbb80000)
  to   space 10752K, 0% used [0x00000000fbb80000,0x00000000fbb80000,0x00000000fc600000)
 ParOldGen       total 35840K, used 14395K [0x00000000e0e00000, 0x00000000e3100000, 0x00000000f5a00000)
  object space 35840K, 40% used [0x00000000e0e00000,0x00000000e1c0edd8,0x00000000e3100000)
 Metaspace       used 3621K, capacity 4606K, committed 4864K, reserved 1056768K
  class space    used 398K, capacity 430K, committed 512K, reserved 1048576K
GC Heap History (10 events):
Event: 11.493 GC heap after
Heap after GC invocations=5 (full 1):
 PSYoungGen      total 31744K, used 64K [0x00000000f5a00000, 0x00000000f7d80000, 0x0000000100000000)
  eden space 31232K, 0% used [0x00000000f5a00000,0x00000000f5a00000,0x00000000f7880000)
  from space 512K, 12% used [0x00000000f7d00000,0x00000000f7d10000,0x00000000f7d80000)
  to   space 1024K, 0% used [0x00000000f7b80000,0x00000000f7b80000,0x00000000f7c80000)
 ParOldGen       total 35840K, used 14379K [0x00000000e0e00000, 0x00000000e3100000, 0x00000000f5a00000)
  object space 35840K, 40% used [0x00000000e0e00000,0x00000000e1c0add8,0x00000000e3100000)
 Metaspace       used 3591K, capacity 4606K, committed 4864K, reserved 1056768K
  class space    used 398K, capacity 430K, committed 512K, reserved 1048576K
}
Event: 13.575 GC heap before
{Heap before GC invocations=6 (full 1):
 PSYoungGen      total 31744K, used 31296K [0x00000000f5a00000, 0x00000000f7d80000, 0x0000000100000000)
  eden space 31232K, 100% used [0x00000000f5a00000,0x00000000f7880000,0x00000000f7880000)
  from space 512K, 12% used [0x00000000f7d00000,0x00000000f7d10000,0x00000000f7d80000)
  to   space 1024K, 0% used [0x00000000f7b80000,0x00000000f7b80000,0x00000000f7c80000)
 ParOldGen       total 35840K, used 14379K [0x00000000e0e00000, 0x00000000e3100000, 0x00000000f5a00000)
  object space 35840K, 40% used [0x00000000e0e00000,0x00000000e1c0add8,0x00000000e3100000)
 Metaspace       used 3609K, capacity 4606K, committed 4864K, reserved 1056768K
  class space    used 398K, capacity 430K, committed 512K, reserved 1048576K
Event: 13.594 GC heap after
Heap after GC invocations=6 (full 1):
 PSYoungGen      total 35328K, used 32K [0x00000000f5a00000, 0x00000000fa500000, 0x0000000100000000)
  eden space 34304K, 0% used [0x00000000f5a00000,0x00000000f5a00000,0x00000000f7b80000)
  from space 1024K, 3% used [0x00000000f7b80000,0x00000000f7b88000,0x00000000f7c80000)
  to   space 11264K, 0% used [0x00000000f9a00000,0x00000000f9a00000,0x00000000fa500000)
 ParOldGen       total 35840K, used 14379K [0x00000000e0e00000, 0x00000000e3100000, 0x00000000f5a00000)
  object space 35840K, 40% used [0x00000000e0e00000,0x00000000e1c0add8,0x00000000e3100000)
 Metaspace       used 3609K, capacity 4606K, committed 4864K, reserved 1056768K
  class space    used 398K, capacity 430K, committed 512K, reserved 1048576K
}
Event: 14.347 GC heap before
{Heap before GC invocations=7 (full 1):
 PSYoungGen      total 35328K, used 34336K [0x00000000f5a00000, 0x00000000fa500000, 0x0000000100000000)
  eden space 34304K, 100% used [0x00000000f5a00000,0x00000000f7b80000,0x00000000f7b80000)
  from space 1024K, 3% used [0x00000000f7b80000,0x00000000f7b88000,0x00000000f7c80000)
  to   space 11264K, 0% used [0x00000000f9a00000,0x00000000f9a00000,0x00000000fa500000)
 ParOldGen       total 35840K, used 14379K [0x00000000e0e00000, 0x00000000e3100000, 0x00000000f5a00000)
  object space 35840K, 40% used [0x00000000e0e00000,0x00000000e1c0add8,0x00000000e3100000)
 Metaspace       used 3609K, capacity 4606K, committed 4864K, reserved 1056768K
  class space    used 398K, capacity 430K, committed 512K, reserved 1048576K
Event: 14.362 GC heap after
Heap after GC invocations=7 (full 1):
 PSYoungGen      total 66048K, used 32K [0x00000000f5a00000, 0x00000000fa780000, 0x0000000100000000)
  eden space 54784K, 0% used [0x00000000f5a00000,0x00000000f5a00000,0x00000000f8f80000)
  from space 11264K, 0% used [0x00000000f9a00000,0x00000000f9a08000,0x00000000fa500000)
  to   space 10752K, 0% used [0x00000000f8f80000,0x00000000f8f80000,0x00000000f9a00000)
 ParOldGen       total 35840K, used 14379K [0x00000000e0e00000, 0x00000000e3100000, 0x00000000f5a00000)
  object space 35840K, 40% used [0x00000000e0e00000,0x00000000e1c0add8,0x00000000e3100000)
 Metaspace       used 3609K, capacity 4606K, committed 4864K, reserved 1056768K
  class space    used 398K, capacity 430K, committed 512K, reserved 1048576K
}
Event: 18.675 GC heap before
{Heap before GC invocations=8 (full 1):
 PSYoungGen      total 66048K, used 54816K [0x00000000f5a00000, 0x00000000fa780000, 0x0000000100000000)
  eden space 54784K, 100% used [0x00000000f5a00000,0x00000000f8f80000,0x00000000f8f80000)
  from space 11264K, 0% used [0x00000000f9a00000,0x00000000f9a08000,0x00000000fa500000)
  to   space 10752K, 0% used [0x00000000f8f80000,0x00000000f8f80000,0x00000000f9a00000)
 ParOldGen       total 35840K, used 14379K [0x00000000e0e00000, 0x00000000e3100000, 0x00000000f5a00000)
  object space 35840K, 40% used [0x00000000e0e00000,0x00000000e1c0add8,0x00000000e3100000)
 Metaspace       used 3610K, capacity 4606K, committed 4864K, reserved 1056768K
  class space    used 398K, capacity 430K, committed 512K, reserved 1048576K
Event: 18.714 GC heap after
Heap after GC invocations=8 (full 1):
 PSYoungGen      total 65536K, used 32K [0x00000000f5a00000, 0x00000000fc600000, 0x0000000100000000)
  eden space 54784K, 0% used [0x00000000f5a00000,0x00000000f5a00000,0x00000000f8f80000)
  from space 10752K, 0% used [0x00000000f8f80000,0x00000000f8f88000,0x00000000f9a00000)
  to   space 10752K, 0% used [0x00000000fbb80000,0x00000000fbb80000,0x00000000fc600000)
 ParOldGen       total 35840K, used 14379K [0x00000000e0e00000, 0x00000000e3100000, 0x00000000f5a00000)
  object space 35840K, 40% used [0x00000000e0e00000,0x00000000e1c0add8,0x00000000e3100000)
 Metaspace       used 3610K, capacity 4606K, committed 4864K, reserved 1056768K
  class space    used 398K, capacity 430K, committed 512K, reserved 1048576K
}
Event: 19.382 GC heap before
{Heap before GC invocations=9 (full 1):
 PSYoungGen      total 65536K, used 54816K [0x00000000f5a00000, 0x00000000fc600000, 0x0000000100000000)
  eden space 54784K, 100% used [0x00000000f5a00000,0x00000000f8f80000,0x00000000f8f80000)
  from space 10752K, 0% used [0x00000000f8f80000,0x00000000f8f88000,0x00000000f9a00000)
  to   space 10752K, 0% used [0x00000000fbb80000,0x00000000fbb80000,0x00000000fc600000)
 ParOldGen       total 35840K, used 14379K [0x00000000e0e00000, 0x00000000e3100000, 0x00000000f5a00000)
  object space 35840K, 40% used [0x00000000e0e00000,0x00000000e1c0add8,0x00000000e3100000)
 Metaspace       used 3621K, capacity 4606K, committed 4864K, reserved 1056768K
  class space    used 398K, capacity 430K, committed 512K, reserved 1048576K
Event: 20.259 GC heap after
Heap after GC invocations=9 (full 1):
 PSYoungGen      total 100352K, used 64K [0x00000000f5a00000, 0x00000000fd180000, 0x0000000100000000)
  eden space 89600K, 0% used [0x00000000f5a00000,0x00000000f5a00000,0x00000000fb180000)
  from space 10752K, 0% used [0x00000000fbb80000,0x00000000fbb90000,0x00000000fc600000)
  to   space 10240K, 0% used [0x00000000fb180000,0x00000000fb180000,0x00000000fbb80000)
 ParOldGen       total 35840K, used 14387K [0x00000000e0e00000, 0x00000000e3100000, 0x00000000f5a00000)
  object space 35840K, 40% used [0x00000000e0e00000,0x00000000e1c0cdd8,0x00000000e3100000)
 Metaspace       used 3621K, capacity 4606K, committed 4864K, reserved 1056768K
  class space    used 398K, capacity 430K, committed 512K, reserved 1048576K
}
Event: 23.839 GC heap before
{Heap before GC invocations=10 (full 1):
 PSYoungGen      total 100352K, used 89664K [0x00000000f5a00000, 0x00000000fd180000, 0x0000000100000000)
  eden space 89600K, 100% used [0x00000000f5a00000,0x00000000fb180000,0x00000000fb180000)
  from space 10752K, 0% used [0x00000000fbb80000,0x00000000fbb90000,0x00000000fc600000)
  to   space 10240K, 0% used [0x00000000fb180000,0x00000000fb180000,0x00000000fbb80000)
 ParOldGen       total 35840K, used 14387K [0x00000000e0e00000, 0x00000000e3100000, 0x00000000f5a00000)
  object space 35840K, 40% used [0x00000000e0e00000,0x00000000e1c0cdd8,0x00000000e3100000)
 Metaspace       used 3621K, capacity 4606K, committed 4864K, reserved 1056768K
  class space    used 398K, capacity 430K, committed 512K, reserved 1048576K

