# JRE version: OpenJDK Runtime Environment (8.0_121-b13) (build 1.8.0_121-8u121-b13-0ubuntu1.16.04.2-b13)
# Java VM: OpenJDK 64-Bit Server VM (25.121-b13 mixed mode linux-amd64 compressed oops)
Heap:
 PSYoungGen      total 15360K, used 3575K [0x00000000f5a00000, 0x00000000f6d00000, 0x0000000100000000)
  eden space 11776K, 0% used [0x00000000f5a00000,0x00000000f5a00000,0x00000000f6580000)
  from space 3584K, 99% used [0x00000000f6580000,0x00000000f68fdd78,0x00000000f6900000)
  to   space 3072K, 0% used [0x00000000f6900000,0x00000000f6900000,0x00000000f6c00000)
 ParOldGen       total 5632K, used 4111K [0x00000000e0e00000, 0x00000000e1380000, 0x00000000f5a00000)
  object space 5632K, 73% used [0x00000000e0e00000,0x00000000e1203d80,0x00000000e1380000)
 Metaspace       used 8485K, capacity 9204K, committed 9472K, reserved 1058816K
  class space    used 960K, capacity 1008K, committed 1024K, reserved 1048576K
GC Heap History (10 events):
Event: 3.519 GC heap after
Heap after GC invocations=2 (full 0):
 PSYoungGen      total 3584K, used 496K [0x00000000f5a00000, 0x00000000f5e00000, 0x0000000100000000)
  eden space 3072K, 0% used [0x00000000f5a00000,0x00000000f5a00000,0x00000000f5d00000)
  from space 512K, 96% used [0x00000000f5d80000,0x00000000f5dfc030,0x00000000f5e00000)
  to   space 512K, 0% used [0x00000000f5d00000,0x00000000f5d00000,0x00000000f5d80000)
 ParOldGen       total 5632K, used 16K [0x00000000e0e00000, 0x00000000e1380000, 0x00000000f5a00000)
  object space 5632K, 0% used [0x00000000e0e00000,0x00000000e0e04000,0x00000000e1380000)
 Metaspace       used 3920K, capacity 5228K, committed 5376K, reserved 1056768K
  class space    used 450K, capacity 488K, committed 512K, reserved 1048576K
}
Event: 4.522 GC heap before
{Heap before GC invocations=3 (full 0):
 PSYoungGen      total 3584K, used 3568K [0x00000000f5a00000, 0x00000000f5e00000, 0x0000000100000000)
  eden space 3072K, 100% used [0x00000000f5a00000,0x00000000f5d00000,0x00000000f5d00000)
  from space 512K, 96% used [0x00000000f5d80000,0x00000000f5dfc030,0x00000000f5e00000)
  to   space 512K, 0% used [0x00000000f5d00000,0x00000000f5d00000,0x00000000f5d80000)
 ParOldGen       total 5632K, used 16K [0x00000000e0e00000, 0x00000000e1380000, 0x00000000f5a00000)
  object space 5632K, 0% used [0x00000000e0e00000,0x00000000e0e04000,0x00000000e1380000)
 Metaspace       used 4867K, capacity 6124K, committed 6272K, reserved 1056768K
  class space    used 571K, capacity 616K, committed 640K, reserved 1048576K
Event: 4.558 GC heap after
Heap after GC invocations=3 (full 0):
 PSYoungGen      total 3584K, used 480K [0x00000000f5a00000, 0x00000000f6100000, 0x0000000100000000)
  eden space 3072K, 0% used [0x00000000f5a00000,0x00000000f5a00000,0x00000000f5d00000)
  from space 512K, 93% used [0x00000000f5d00000,0x00000000f5d78010,0x00000000f5d80000)
  to   space 512K, 0% used [0x00000000f6080000,0x00000000f6080000,0x00000000f6100000)
 ParOldGen       total 5632K, used 472K [0x00000000e0e00000, 0x00000000e1380000, 0x00000000f5a00000)
  object space 5632K, 8% used [0x00000000e0e00000,0x00000000e0e76040,0x00000000e1380000)
 Metaspace       used 4867K, capacity 6124K, committed 6272K, reserved 1056768K
  class space    used 571K, capacity 616K, committed 640K, reserved 1048576K
}
Event: 5.573 GC heap before
{Heap before GC invocations=4 (full 0):
 PSYoungGen      total 3584K, used 3552K [0x00000000f5a00000, 0x00000000f6100000, 0x0000000100000000)
  eden space 3072K, 100% used [0x00000000f5a00000,0x00000000f5d00000,0x00000000f5d00000)
  from space 512K, 93% used [0x00000000f5d00000,0x00000000f5d78010,0x00000000f5d80000)
  to   space 512K, 0% used [0x00000000f6080000,0x00000000f6080000,0x00000000f6100000)
 ParOldGen       total 5632K, used 472K [0x00000000e0e00000, 0x00000000e1380000, 0x00000000f5a00000)
  object space 5632K, 8% used [0x00000000e0e00000,0x00000000e0e76040,0x00000000e1380000)
 Metaspace       used 5715K, capacity 6892K, committed 7168K, reserved 1056768K
  class space    used 698K, capacity 744K, committed 768K, reserved 1048576K
Event: 5.605 GC heap after
Heap after GC invocations=4 (full 0):
 PSYoungGen      total 6656K, used 480K [0x00000000f5a00000, 0x00000000f6100000, 0x0000000100000000)
  eden space 6144K, 0% used [0x00000000f5a00000,0x00000000f5a00000,0x00000000f6000000)
  from space 512K, 93% used [0x00000000f6080000,0x00000000f60f8010,0x00000000f6100000)
  to   space 512K, 0% used [0x00000000f6000000,0x00000000f6000000,0x00000000f6080000)
 ParOldGen       total 5632K, used 588K [0x00000000e0e00000, 0x00000000e1380000, 0x00000000f5a00000)
  object space 5632K, 10% used [0x00000000e0e00000,0x00000000e0e93328,0x00000000e1380000)
 Metaspace       used 5715K, capacity 6892K, committed 7168K, reserved 1056768K
  class space    used 698K, capacity 744K, committed 768K, reserved 1048576K
}
Event: 8.276 GC heap before
{Heap before GC invocations=5 (full 0):
 PSYoungGen      total 6656K, used 6624K [0x00000000f5a00000, 0x00000000f6100000, 0x0000000100000000)
  eden space 6144K, 100% used [0x00000000f5a00000,0x00000000f6000000,0x00000000f6000000)
  from space 512K, 93% used [0x00000000f6080000,0x00000000f60f8010,0x00000000f6100000)
  to   space 512K, 0% used [0x00000000f6000000,0x00000000f6000000,0x00000000f6080000)
 ParOldGen       total 5632K, used 588K [0x00000000e0e00000, 0x00000000e1380000, 0x00000000f5a00000)
  object space 5632K, 10% used [0x00000000e0e00000,0x00000000e0e93328,0x00000000e1380000)
 Metaspace       used 7125K, capacity 8052K, committed 8320K, reserved 1056768K
  class space    used 850K, capacity 880K, committed 896K, reserved 1048576K
Event: 8.463 GC heap after
Heap after GC invocations=5 (full 0):
 PSYoungGen      total 6656K, used 496K [0x00000000f5a00000, 0x00000000f6c00000, 0x0000000100000000)
  eden space 6144K, 0% used [0x00000000f5a00000,0x00000000f5a00000,0x00000000f6000000)
  from space 512K, 96% used [0x00000000f6000000,0x00000000f607c020,0x00000000f6080000)
  to   space 3072K, 0% used [0x00000000f6900000,0x00000000f6900000,0x00000000f6c00000)
 ParOldGen       total 5632K, used 3287K [0x00000000e0e00000, 0x00000000e1380000, 0x00000000f5a00000)
  object space 5632K, 58% used [0x00000000e0e00000,0x00000000e1135f08,0x00000000e1380000)
 Metaspace       used 7125K, capacity 8052K, committed 8320K, reserved 1056768K
  class space    used 850K, capacity 880K, committed 896K, reserved 1048576K
}
Event: 11.380 GC heap before
{Heap before GC invocations=6 (full 0):
 PSYoungGen      total 6656K, used 6640K [0x00000000f5a00000, 0x00000000f6c00000, 0x0000000100000000)
  eden space 6144K, 100% used [0x00000000f5a00000,0x00000000f6000000,0x00000000f6000000)
  from space 512K, 96% used [0x00000000f6000000,0x00000000f607c020,0x00000000f6080000)
  to   space 3072K, 0% used [0x00000000f6900000,0x00000000f6900000,0x00000000f6c00000)
 ParOldGen       total 5632K, used 3287K [0x00000000e0e00000, 0x00000000e1380000, 0x00000000f5a00000)
  object space 5632K, 58% used [0x00000000e0e00000,0x00000000e1135f08,0x00000000e1380000)
 Metaspace       used 7611K, capacity 8436K, committed 8704K, reserved 1056768K
  class space    used 896K, capacity 944K, committed 1024K, reserved 1048576K
Event: 11.517 GC heap after
Heap after GC invocations=6 (full 0):
 PSYoungGen      total 14848K, used 3063K [0x00000000f5a00000, 0x00000000f6d00000, 0x0000000100000000)
  eden space 11776K, 0% used [0x00000000f5a00000,0x00000000f5a00000,0x00000000f6580000)
  from space 3072K, 99% used [0x00000000f6900000,0x00000000f6bfdd98,0x00000000f6c00000)
  to   space 3584K, 0% used [0x00000000f6580000,0x00000000f6580000,0x00000000f6900000)
 ParOldGen       total 5632K, used 3514K [0x00000000e0e00000, 0x00000000e1380000, 0x00000000f5a00000)
  object space 5632K, 62% used [0x00000000e0e00000,0x00000000e116eba0,0x00000000e1380000)
 Metaspace       used 7611K, capacity 8436K, committed 8704K, reserved 1056768K
  class space    used 896K, capacity 944K, committed 1024K, reserved 1048576K
}
Event: 19.740 GC heap before
{Heap before GC invocations=7 (full 0):
 PSYoungGen      total 14848K, used 14839K [0x00000000f5a00000, 0x00000000f6d00000, 0x0000000100000000)
  eden space 11776K, 100% used [0x00000000f5a00000,0x00000000f6580000,0x00000000f6580000)
  from space 3072K, 99% used [0x00000000f6900000,0x00000000f6bfdd98,0x00000000f6c00000)
  to   space 3584K, 0% used [0x00000000f6580000,0x00000000f6580000,0x00000000f6900000)
 ParOldGen       total 5632K, used 3514K [0x00000000e0e00000, 0x00000000e1380000, 0x00000000f5a00000)
  object space 5632K, 62% used [0x00000000e0e00000,0x00000000e116eba0,0x00000000e1380000)
 Metaspace       used 8485K, capacity 9204K, committed 9472K, reserved 1058816K
  class space    used 960K, capacity 1008K, committed 1024K, reserved 1048576K

