# JRE version: OpenJDK Runtime Environment (8.0_121-b13) (build 1.8.0_121-8u121-b13-0ubuntu1.16.04.2-b13)
# Java VM: OpenJDK 64-Bit Server VM (25.121-b13 mixed mode linux-amd64 compressed oops)
Heap:
 PSYoungGen      total 166912K, used 96K [0x00000000f5a00000, 0x00000000ffd80000, 0x0000000100000000)
  eden space 166400K, 0% used [0x00000000f5a00000,0x00000000f5a00000,0x00000000ffc80000)
  from space 512K, 18% used [0x00000000ffc80000,0x00000000ffc98000,0x00000000ffd00000)
  to   space 512K, 0% used [0x00000000ffd00000,0x00000000ffd00000,0x00000000ffd80000)
 ParOldGen       total 40960K, used 17625K [0x00000000e0e00000, 0x00000000e3600000, 0x00000000f5a00000)
  object space 40960K, 43% used [0x00000000e0e00000,0x00000000e1f365a0,0x00000000e3600000)
 Metaspace       used 4028K, capacity 4704K, committed 4864K, reserved 1056768K
  class space    used 415K, capacity 464K, committed 512K, reserved 1048576K
GC Heap History (10 events):
Event: 38503.368 GC heap after
Heap after GC invocations=7296 (full 2):
 PSYoungGen      total 164864K, used 96K [0x00000000f5a00000, 0x00000000ffc00000, 0x0000000100000000)
  eden space 164352K, 0% used [0x00000000f5a00000,0x00000000f5a00000,0x00000000ffa80000)
  from space 512K, 18% used [0x00000000ffb00000,0x00000000ffb18000,0x00000000ffb80000)
  to   space 512K, 0% used [0x00000000ffa80000,0x00000000ffa80000,0x00000000ffb00000)
 ParOldGen       total 40960K, used 17625K [0x00000000e0e00000, 0x00000000e3600000, 0x00000000f5a00000)
  object space 40960K, 43% used [0x00000000e0e00000,0x00000000e1f365a0,0x00000000e3600000)
 Metaspace       used 4027K, capacity 4704K, committed 4864K, reserved 1056768K
  class space    used 415K, capacity 464K, committed 512K, reserved 1048576K
}
Event: 38547.284 GC heap before
{Heap before GC invocations=7297 (full 2):
 PSYoungGen      total 164864K, used 164448K [0x00000000f5a00000, 0x00000000ffc00000, 0x0000000100000000)
  eden space 164352K, 100% used [0x00000000f5a00000,0x00000000ffa80000,0x00000000ffa80000)
  from space 512K, 18% used [0x00000000ffb00000,0x00000000ffb18000,0x00000000ffb80000)
  to   space 512K, 0% used [0x00000000ffa80000,0x00000000ffa80000,0x00000000ffb00000)
 ParOldGen       total 40960K, used 17625K [0x00000000e0e00000, 0x00000000e3600000, 0x00000000f5a00000)
  object space 40960K, 43% used [0x00000000e0e00000,0x00000000e1f365a0,0x00000000e3600000)
 Metaspace       used 4027K, capacity 4704K, committed 4864K, reserved 1056768K
  class space    used 415K, capacity 464K, committed 512K, reserved 1048576K
Event: 38548.273 GC heap after
Heap after GC invocations=7297 (full 2):
 PSYoungGen      total 164864K, used 64K [0x00000000f5a00000, 0x00000000ffc80000, 0x0000000100000000)
  eden space 164352K, 0% used [0x00000000f5a00000,0x00000000f5a00000,0x00000000ffa80000)
  from space 512K, 12% used [0x00000000ffa80000,0x00000000ffa90000,0x00000000ffb00000)
  to   space 512K, 0% used [0x00000000ffc00000,0x00000000ffc00000,0x00000000ffc80000)
 ParOldGen       total 40960K, used 17625K [0x00000000e0e00000, 0x00000000e3600000, 0x00000000f5a00000)
  object space 40960K, 43% used [0x00000000e0e00000,0x00000000e1f365a0,0x00000000e3600000)
 Metaspace       used 4027K, capacity 4704K, committed 4864K, reserved 1056768K
  class space    used 415K, capacity 464K, committed 512K, reserved 1048576K
}
Event: 38590.948 GC heap before
{Heap before GC invocations=7298 (full 2):
 PSYoungGen      total 164864K, used 164416K [0x00000000f5a00000, 0x00000000ffc80000, 0x0000000100000000)
  eden space 164352K, 100% used [0x00000000f5a00000,0x00000000ffa80000,0x00000000ffa80000)
  from space 512K, 12% used [0x00000000ffa80000,0x00000000ffa90000,0x00000000ffb00000)
  to   space 512K, 0% used [0x00000000ffc00000,0x00000000ffc00000,0x00000000ffc80000)
 ParOldGen       total 40960K, used 17625K [0x00000000e0e00000, 0x00000000e3600000, 0x00000000f5a00000)
  object space 40960K, 43% used [0x00000000e0e00000,0x00000000e1f365a0,0x00000000e3600000)
 Metaspace       used 4027K, capacity 4704K, committed 4864K, reserved 1056768K
  class space    used 415K, capacity 464K, committed 512K, reserved 1048576K
Event: 38590.952 GC heap after
Heap after GC invocations=7298 (full 2):
 PSYoungGen      total 165888K, used 96K [0x00000000f5a00000, 0x00000000ffc80000, 0x0000000100000000)
  eden space 165376K, 0% used [0x00000000f5a00000,0x00000000f5a00000,0x00000000ffb80000)
  from space 512K, 18% used [0x00000000ffc00000,0x00000000ffc18000,0x00000000ffc80000)
  to   space 512K, 0% used [0x00000000ffb80000,0x00000000ffb80000,0x00000000ffc00000)
 ParOldGen       total 40960K, used 17625K [0x00000000e0e00000, 0x00000000e3600000, 0x00000000f5a00000)
  object space 40960K, 43% used [0x00000000e0e00000,0x00000000e1f365a0,0x00000000e3600000)
 Metaspace       used 4027K, capacity 4704K, committed 4864K, reserved 1056768K
  class space    used 415K, capacity 464K, committed 512K, reserved 1048576K
}
Event: 38632.265 GC heap before
{Heap before GC invocations=7299 (full 2):
 PSYoungGen      total 165888K, used 165472K [0x00000000f5a00000, 0x00000000ffc80000, 0x0000000100000000)
  eden space 165376K, 100% used [0x00000000f5a00000,0x00000000ffb80000,0x00000000ffb80000)
  from space 512K, 18% used [0x00000000ffc00000,0x00000000ffc18000,0x00000000ffc80000)
  to   space 512K, 0% used [0x00000000ffb80000,0x00000000ffb80000,0x00000000ffc00000)
 ParOldGen       total 40960K, used 17625K [0x00000000e0e00000, 0x00000000e3600000, 0x00000000f5a00000)
  object space 40960K, 43% used [0x00000000e0e00000,0x00000000e1f365a0,0x00000000e3600000)
 Metaspace       used 4027K, capacity 4704K, committed 4864K, reserved 1056768K
  class space    used 415K, capacity 464K, committed 512K, reserved 1048576K
Event: 38632.273 GC heap after
Heap after GC invocations=7299 (full 2):
 PSYoungGen      total 165888K, used 64K [0x00000000f5a00000, 0x00000000ffd80000, 0x0000000100000000)
  eden space 165376K, 0% used [0x00000000f5a00000,0x00000000f5a00000,0x00000000ffb80000)
  from space 512K, 12% used [0x00000000ffb80000,0x00000000ffb90000,0x00000000ffc00000)
  to   space 512K, 0% used [0x00000000ffd00000,0x00000000ffd00000,0x00000000ffd80000)
 ParOldGen       total 40960K, used 17625K [0x00000000e0e00000, 0x00000000e3600000, 0x00000000f5a00000)
  object space 40960K, 43% used [0x00000000e0e00000,0x00000000e1f365a0,0x00000000e3600000)
 Metaspace       used 4027K, capacity 4704K, committed 4864K, reserved 1056768K
  class space    used 415K, capacity 464K, committed 512K, reserved 1048576K
}
Event: 38688.732 GC heap before
{Heap before GC invocations=7300 (full 2):
 PSYoungGen      total 165888K, used 165440K [0x00000000f5a00000, 0x00000000ffd80000, 0x0000000100000000)
  eden space 165376K, 100% used [0x00000000f5a00000,0x00000000ffb80000,0x00000000ffb80000)
  from space 512K, 12% used [0x00000000ffb80000,0x00000000ffb90000,0x00000000ffc00000)
  to   space 512K, 0% used [0x00000000ffd00000,0x00000000ffd00000,0x00000000ffd80000)
 ParOldGen       total 40960K, used 17625K [0x00000000e0e00000, 0x00000000e3600000, 0x00000000f5a00000)
  object space 40960K, 43% used [0x00000000e0e00000,0x00000000e1f365a0,0x00000000e3600000)
 Metaspace       used 4028K, capacity 4704K, committed 4864K, reserved 1056768K
  class space    used 415K, capacity 464K, committed 512K, reserved 1048576K
Event: 38688.935 GC heap after
Heap after GC invocations=7300 (full 2):
 PSYoungGen      total 166912K, used 96K [0x00000000f5a00000, 0x00000000ffd80000, 0x0000000100000000)
  eden space 166400K, 0% used [0x00000000f5a00000,0x00000000f5a00000,0x00000000ffc80000)
  from space 512K, 18% used [0x00000000ffd00000,0x00000000ffd18000,0x00000000ffd80000)
  to   space 512K, 0% used [0x00000000ffc80000,0x00000000ffc80000,0x00000000ffd00000)
 ParOldGen       total 40960K, used 17625K [0x00000000e0e00000, 0x00000000e3600000, 0x00000000f5a00000)
  object space 40960K, 43% used [0x00000000e0e00000,0x00000000e1f365a0,0x00000000e3600000)
 Metaspace       used 4028K, capacity 4704K, committed 4864K, reserved 1056768K
  class space    used 415K, capacity 464K, committed 512K, reserved 1048576K
}
Event: 38756.357 GC heap before
{Heap before GC invocations=7301 (full 2):
 PSYoungGen      total 166912K, used 166496K [0x00000000f5a00000, 0x00000000ffd80000, 0x0000000100000000)
  eden space 166400K, 100% used [0x00000000f5a00000,0x00000000ffc80000,0x00000000ffc80000)
  from space 512K, 18% used [0x00000000ffd00000,0x00000000ffd18000,0x00000000ffd80000)
  to   space 512K, 0% used [0x00000000ffc80000,0x00000000ffc80000,0x00000000ffd00000)
 ParOldGen       total 40960K, used 17625K [0x00000000e0e00000, 0x00000000e3600000, 0x00000000f5a00000)
  object space 40960K, 43% used [0x00000000e0e00000,0x00000000e1f365a0,0x00000000e3600000)
 Metaspace       used 4028K, capacity 4704K, committed 4864K, reserved 1056768K
  class space    used 415K, capacity 464K, committed 512K, reserved 1048576K

