# JRE version: OpenJDK Runtime Environment (8.0_121-b13) (build 1.8.0_121-8u121-b13-0ubuntu1.16.04.2-b13)
# Java VM: OpenJDK 64-Bit Server VM (25.121-b13 mixed mode linux-amd64 compressed oops)
Heap:
 PSYoungGen      total 89088K, used 32K [0x00000000f5a00000, 0x00000000fbb00000, 0x0000000100000000)
  eden space 78848K, 0% used [0x00000000f5a00000,0x00000000f5a00000,0x00000000fa700000)
  from space 10240K, 0% used [0x00000000fa700000,0x00000000fa708000,0x00000000fb100000)
  to   space 9216K, 0% used [0x00000000fb200000,0x00000000fb200000,0x00000000fbb00000)
 ParOldGen       total 36864K, used 14395K [0x00000000e0e00000, 0x00000000e3200000, 0x00000000f5a00000)
  object space 36864K, 39% used [0x00000000e0e00000,0x00000000e1c0ec30,0x00000000e3200000)
 Metaspace       used 3624K, capacity 4606K, committed 4864K, reserved 1056768K
  class space    used 398K, capacity 430K, committed 512K, reserved 1048576K
GC Heap History (10 events):
Event: 12.982 GC heap after
Heap after GC invocations=5 (full 1):
 PSYoungGen      total 30208K, used 64K [0x00000000f5a00000, 0x00000000f7d80000, 0x0000000100000000)
  eden space 29696K, 0% used [0x00000000f5a00000,0x00000000f5a00000,0x00000000f7700000)
  from space 512K, 12% used [0x00000000f7d00000,0x00000000f7d10000,0x00000000f7d80000)
  to   space 1024K, 0% used [0x00000000f7b80000,0x00000000f7b80000,0x00000000f7c80000)
 ParOldGen       total 36864K, used 14379K [0x00000000e0e00000, 0x00000000e3200000, 0x00000000f5a00000)
  object space 36864K, 39% used [0x00000000e0e00000,0x00000000e1c0ac30,0x00000000e3200000)
 Metaspace       used 3584K, capacity 4606K, committed 4864K, reserved 1056768K
  class space    used 398K, capacity 430K, committed 512K, reserved 1048576K
}
Event: 16.406 GC heap before
{Heap before GC invocations=6 (full 1):
 PSYoungGen      total 30208K, used 29760K [0x00000000f5a00000, 0x00000000f7d80000, 0x0000000100000000)
  eden space 29696K, 100% used [0x00000000f5a00000,0x00000000f7700000,0x00000000f7700000)
  from space 512K, 12% used [0x00000000f7d00000,0x00000000f7d10000,0x00000000f7d80000)
  to   space 1024K, 0% used [0x00000000f7b80000,0x00000000f7b80000,0x00000000f7c80000)
 ParOldGen       total 36864K, used 14379K [0x00000000e0e00000, 0x00000000e3200000, 0x00000000f5a00000)
  object space 36864K, 39% used [0x00000000e0e00000,0x00000000e1c0ac30,0x00000000e3200000)
 Metaspace       used 3609K, capacity 4606K, committed 4864K, reserved 1056768K
  class space    used 398K, capacity 430K, committed 512K, reserved 1048576K
Event: 16.686 GC heap after
Heap after GC invocations=6 (full 1):
 PSYoungGen      total 35328K, used 64K [0x00000000f5a00000, 0x00000000fa100000, 0x0000000100000000)
  eden space 34304K, 0% used [0x00000000f5a00000,0x00000000f5a00000,0x00000000f7b80000)
  from space 1024K, 6% used [0x00000000f7b80000,0x00000000f7b90000,0x00000000f7c80000)
  to   space 11264K, 0% used [0x00000000f9600000,0x00000000f9600000,0x00000000fa100000)
 ParOldGen       total 36864K, used 14379K [0x00000000e0e00000, 0x00000000e3200000, 0x00000000f5a00000)
  object space 36864K, 39% used [0x00000000e0e00000,0x00000000e1c0ac30,0x00000000e3200000)
 Metaspace       used 3609K, capacity 4606K, committed 4864K, reserved 1056768K
  class space    used 398K, capacity 430K, committed 512K, reserved 1048576K
}
Event: 18.188 GC heap before
{Heap before GC invocations=7 (full 1):
 PSYoungGen      total 35328K, used 34368K [0x00000000f5a00000, 0x00000000fa100000, 0x0000000100000000)
  eden space 34304K, 100% used [0x00000000f5a00000,0x00000000f7b80000,0x00000000f7b80000)
  from space 1024K, 6% used [0x00000000f7b80000,0x00000000f7b90000,0x00000000f7c80000)
  to   space 11264K, 0% used [0x00000000f9600000,0x00000000f9600000,0x00000000fa100000)
 ParOldGen       total 36864K, used 14379K [0x00000000e0e00000, 0x00000000e3200000, 0x00000000f5a00000)
  object space 36864K, 39% used [0x00000000e0e00000,0x00000000e1c0ac30,0x00000000e3200000)
 Metaspace       used 3610K, capacity 4606K, committed 4864K, reserved 1056768K
  class space    used 398K, capacity 430K, committed 512K, reserved 1048576K
Event: 18.207 GC heap after
Heap after GC invocations=7 (full 1):
 PSYoungGen      total 61952K, used 32K [0x00000000f5a00000, 0x00000000fa580000, 0x0000000100000000)
  eden space 50688K, 0% used [0x00000000f5a00000,0x00000000f5a00000,0x00000000f8b80000)
  from space 11264K, 0% used [0x00000000f9600000,0x00000000f9608000,0x00000000fa100000)
  to   space 10752K, 0% used [0x00000000f8b80000,0x00000000f8b80000,0x00000000f9600000)
 ParOldGen       total 36864K, used 14379K [0x00000000e0e00000, 0x00000000e3200000, 0x00000000f5a00000)
  object space 36864K, 39% used [0x00000000e0e00000,0x00000000e1c0ac30,0x00000000e3200000)
 Metaspace       used 3610K, capacity 4606K, committed 4864K, reserved 1056768K
  class space    used 398K, capacity 430K, committed 512K, reserved 1048576K
}
Event: 21.348 GC heap before
{Heap before GC invocations=8 (full 1):
 PSYoungGen      total 61952K, used 50720K [0x00000000f5a00000, 0x00000000fa580000, 0x0000000100000000)
  eden space 50688K, 100% used [0x00000000f5a00000,0x00000000f8b80000,0x00000000f8b80000)
  from space 11264K, 0% used [0x00000000f9600000,0x00000000f9608000,0x00000000fa100000)
  to   space 10752K, 0% used [0x00000000f8b80000,0x00000000f8b80000,0x00000000f9600000)
 ParOldGen       total 36864K, used 14379K [0x00000000e0e00000, 0x00000000e3200000, 0x00000000f5a00000)
  object space 36864K, 39% used [0x00000000e0e00000,0x00000000e1c0ac30,0x00000000e3200000)
 Metaspace       used 3612K, capacity 4606K, committed 4864K, reserved 1056768K
  class space    used 398K, capacity 430K, committed 512K, reserved 1048576K
Event: 21.374 GC heap after
Heap after GC invocations=8 (full 1):
 PSYoungGen      total 61440K, used 32K [0x00000000f5a00000, 0x00000000fbc80000, 0x0000000100000000)
  eden space 50688K, 0% used [0x00000000f5a00000,0x00000000f5a00000,0x00000000f8b80000)
  from space 10752K, 0% used [0x00000000f8b80000,0x00000000f8b88000,0x00000000f9600000)
  to   space 10752K, 0% used [0x00000000fb200000,0x00000000fb200000,0x00000000fbc80000)
 ParOldGen       total 36864K, used 14379K [0x00000000e0e00000, 0x00000000e3200000, 0x00000000f5a00000)
  object space 36864K, 39% used [0x00000000e0e00000,0x00000000e1c0ac30,0x00000000e3200000)
 Metaspace       used 3612K, capacity 4606K, committed 4864K, reserved 1056768K
  class space    used 398K, capacity 430K, committed 512K, reserved 1048576K
}
Event: 22.334 GC heap before
{Heap before GC invocations=9 (full 1):
 PSYoungGen      total 61440K, used 50720K [0x00000000f5a00000, 0x00000000fbc80000, 0x0000000100000000)
  eden space 50688K, 100% used [0x00000000f5a00000,0x00000000f8b80000,0x00000000f8b80000)
  from space 10752K, 0% used [0x00000000f8b80000,0x00000000f8b88000,0x00000000f9600000)
  to   space 10752K, 0% used [0x00000000fb200000,0x00000000fb200000,0x00000000fbc80000)
 ParOldGen       total 36864K, used 14379K [0x00000000e0e00000, 0x00000000e3200000, 0x00000000f5a00000)
  object space 36864K, 39% used [0x00000000e0e00000,0x00000000e1c0ac30,0x00000000e3200000)
 Metaspace       used 3624K, capacity 4606K, committed 4864K, reserved 1056768K
  class space    used 398K, capacity 430K, committed 512K, reserved 1048576K
Event: 22.386 GC heap after
Heap after GC invocations=9 (full 1):
 PSYoungGen      total 88064K, used 32K [0x00000000f5a00000, 0x00000000fbb00000, 0x0000000100000000)
  eden space 78848K, 0% used [0x00000000f5a00000,0x00000000f5a00000,0x00000000fa700000)
  from space 9216K, 0% used [0x00000000fb200000,0x00000000fb208000,0x00000000fbb00000)
  to   space 10240K, 0% used [0x00000000fa700000,0x00000000fa700000,0x00000000fb100000)
 ParOldGen       total 36864K, used 14387K [0x00000000e0e00000, 0x00000000e3200000, 0x00000000f5a00000)
  object space 36864K, 39% used [0x00000000e0e00000,0x00000000e1c0cc30,0x00000000e3200000)
 Metaspace       used 3624K, capacity 4606K, committed 4864K, reserved 1056768K
  class space    used 398K, capacity 430K, committed 512K, reserved 1048576K
}
Event: 26.865 GC heap before
{Heap before GC invocations=10 (full 1):
 PSYoungGen      total 88064K, used 78880K [0x00000000f5a00000, 0x00000000fbb00000, 0x0000000100000000)
  eden space 78848K, 100% used [0x00000000f5a00000,0x00000000fa700000,0x00000000fa700000)
  from space 9216K, 0% used [0x00000000fb200000,0x00000000fb208000,0x00000000fbb00000)
  to   space 10240K, 0% used [0x00000000fa700000,0x00000000fa700000,0x00000000fb100000)
 ParOldGen       total 36864K, used 14387K [0x00000000e0e00000, 0x00000000e3200000, 0x00000000f5a00000)
  object space 36864K, 39% used [0x00000000e0e00000,0x00000000e1c0cc30,0x00000000e3200000)
 Metaspace       used 3624K, capacity 4606K, committed 4864K, reserved 1056768K
  class space    used 398K, capacity 430K, committed 512K, reserved 1048576K

